[15-Feb-2022 08:45:43 UTC] PHP Notice:  session_start(): A session had already been started - ignoring in D:\laragon\www\examen_diciembre\index.php on line 26
[15-Feb-2022 12:44:50 Europe/Madrid] PHP Notice:  A non well formed numeric value encountered in D:\laragon\www\examen_diciembre\añadir.php on line 136
[15-Feb-2022 12:47:54 Europe/Madrid] PHP Notice:  A non well formed numeric value encountered in D:\laragon\www\examen_diciembre\añadir.php on line 136
[15-Feb-2022 12:48:07 Europe/Madrid] PHP Notice:  A non well formed numeric value encountered in D:\laragon\www\examen_diciembre\añadir.php on line 136
[15-Feb-2022 13:01:09 Europe/Madrid] PHP Notice:  A non well formed numeric value encountered in D:\laragon\www\ex15_12entregaralumnos1\examen_diciembre\añadir.php on line 115
[15-Feb-2022 13:07:42 Europe/Madrid] PHP Notice:  A non well formed numeric value encountered in D:\laragon\www\ex15_12entregaralumnos1\examen_diciembre\añadir.php on line 138
[15-Feb-2022 12:13:08 UTC] PHP Warning:  A non-numeric value encountered in D:\laragon\www\ex15_12entregaralumnos1\examen_diciembre\iniciarSesion.php on line 4
[15-Feb-2022 12:13:08 UTC] PHP Notice:  date_default_timezone_set(): Timezone ID '1' is invalid in D:\laragon\www\ex15_12entregaralumnos1\examen_diciembre\iniciarSesion.php on line 4
[15-Feb-2022 16:46:10 Europe/Madrid] PHP Notice:  A non well formed numeric value encountered in D:\laragon\www\ex15_12entregaralumnos1\examen_diciembre\añadir.php on line 138
[15-Feb-2022 16:46:34 Europe/Madrid] PHP Notice:  A non well formed numeric value encountered in D:\laragon\www\ex15_12entregaralumnos1\examen_diciembre\añadir.php on line 115
[15-Feb-2022 16:47:22 Europe/Madrid] PHP Notice:  A non well formed numeric value encountered in D:\laragon\www\ex15_12entregaralumnos1\examen_diciembre\añadir.php on line 115
[15-Feb-2022 16:47:28 Europe/Madrid] PHP Notice:  A non well formed numeric value encountered in D:\laragon\www\ex15_12entregaralumnos1\examen_diciembre\añadir.php on line 115
[15-Feb-2022 16:48:02 Europe/Madrid] PHP Notice:  A non well formed numeric value encountered in D:\laragon\www\ex15_12entregaralumnos1\examen_diciembre\añadir.php on line 115
[15-Feb-2022 16:48:12 Europe/Madrid] PHP Notice:  A non well formed numeric value encountered in D:\laragon\www\ex15_12entregaralumnos1\examen_diciembre\añadir.php on line 115
[15-Feb-2022 16:49:42 Europe/Madrid] PHP Notice:  A non well formed numeric value encountered in D:\laragon\www\ex15_12entregaralumnos1\examen_diciembre\añadir.php on line 115
[18-Feb-2022 11:52:04 UTC] PHP Fatal error:  Uncaught RuntimeException: A facade root has not been set. in D:\laragon\www\proyecto\vendor\laravel\framework\src\Illuminate\Support\Facades\Facade.php:258
Stack trace:
#0 D:\laragon\www\proyecto\vendor\laravel\framework\src\Illuminate\Foundation\Exceptions\RegisterErrorViewPaths.php(18): Illuminate\Support\Facades\Facade::__callStatic('replaceNamespac...', Array)
#1 D:\laragon\www\proyecto\vendor\laravel\framework\src\Illuminate\Foundation\Exceptions\Handler.php(598): Illuminate\Foundation\Exceptions\RegisterErrorViewPaths->__invoke()
#2 D:\laragon\www\proyecto\vendor\laravel\framework\src\Illuminate\Foundation\Exceptions\Handler.php(579): Illuminate\Foundation\Exceptions\Handler->registerErrorViewPaths()
#3 D:\laragon\www\proyecto\vendor\laravel\framework\src\Illuminate\Foundation\Exceptions\Handler.php(490): Illuminate\Foundation\Exceptions\Handler->renderHttpException(Object(Symfony\Component\HttpKernel\Exception\HttpException))
#4 D:\laragon\www\proyecto\vendor\laravel\framework\src\Illuminate\Foundatio in D:\laragon\www\proyecto\vendor\laravel\framework\src\Illuminate\Support\Facades\Facade.php on line 258
[18-Feb-2022 11:56:34 UTC] PHP Fatal error:  Uncaught RuntimeException: A facade root has not been set. in D:\laragon\www\proyecto\vendor\laravel\framework\src\Illuminate\Support\Facades\Facade.php:258
Stack trace:
#0 D:\laragon\www\proyecto\vendor\laravel\framework\src\Illuminate\Foundation\Exceptions\RegisterErrorViewPaths.php(18): Illuminate\Support\Facades\Facade::__callStatic('replaceNamespac...', Array)
#1 D:\laragon\www\proyecto\vendor\laravel\framework\src\Illuminate\Foundation\Exceptions\Handler.php(598): Illuminate\Foundation\Exceptions\RegisterErrorViewPaths->__invoke()
#2 D:\laragon\www\proyecto\vendor\laravel\framework\src\Illuminate\Foundation\Exceptions\Handler.php(579): Illuminate\Foundation\Exceptions\Handler->registerErrorViewPaths()
#3 D:\laragon\www\proyecto\vendor\laravel\framework\src\Illuminate\Foundation\Exceptions\Handler.php(490): Illuminate\Foundation\Exceptions\Handler->renderHttpException(Object(Symfony\Component\HttpKernel\Exception\HttpException))
#4 D:\laragon\www\proyecto\vendor\laravel\framework\src\Illuminate\Foundatio in D:\laragon\www\proyecto\vendor\laravel\framework\src\Illuminate\Support\Facades\Facade.php on line 258
[18-Feb-2022 11:56:39 UTC] PHP Fatal error:  Uncaught RuntimeException: A facade root has not been set. in D:\laragon\www\proyecto\vendor\laravel\framework\src\Illuminate\Support\Facades\Facade.php:258
Stack trace:
#0 D:\laragon\www\proyecto\vendor\laravel\framework\src\Illuminate\Foundation\Exceptions\RegisterErrorViewPaths.php(18): Illuminate\Support\Facades\Facade::__callStatic('replaceNamespac...', Array)
#1 D:\laragon\www\proyecto\vendor\laravel\framework\src\Illuminate\Foundation\Exceptions\Handler.php(598): Illuminate\Foundation\Exceptions\RegisterErrorViewPaths->__invoke()
#2 D:\laragon\www\proyecto\vendor\laravel\framework\src\Illuminate\Foundation\Exceptions\Handler.php(579): Illuminate\Foundation\Exceptions\Handler->registerErrorViewPaths()
#3 D:\laragon\www\proyecto\vendor\laravel\framework\src\Illuminate\Foundation\Exceptions\Handler.php(490): Illuminate\Foundation\Exceptions\Handler->renderHttpException(Object(Symfony\Component\HttpKernel\Exception\HttpException))
#4 D:\laragon\www\proyecto\vendor\laravel\framework\src\Illuminate\Foundatio in D:\laragon\www\proyecto\vendor\laravel\framework\src\Illuminate\Support\Facades\Facade.php on line 258
