[Wed Jan 12 10:42:07.401763 2022] [mpm_winnt:notice] [pid 7596:tid 632] AH00455: Apache/2.4.47 (Win64) OpenSSL/1.1.1k PHP/7.4.19 configured -- resuming normal operations
[Wed Jan 12 10:42:07.401763 2022] [mpm_winnt:notice] [pid 7596:tid 632] AH00456: Apache Lounge VS16 Server built: Apr 24 2021 11:08:47
[Wed Jan 12 10:42:07.401763 2022] [core:notice] [pid 7596:tid 632] AH00094: Command line: 'D:\\laragon\\bin\\apache\\httpd-2.4.47-win64-VS16\\bin\\httpd -d D:/laragon/bin/apache/httpd-2.4.47-win64-VS16'
[Wed Jan 12 10:42:07.401763 2022] [mpm_winnt:notice] [pid 7596:tid 632] AH00418: Parent: Created child process 10668
Apache server restarting...
2022] [mpm_winnt:notice] [pid 10668:tid 620] AH00354: Child: Starting 64 worker threads.
[Wed Jan 12 10:51:17.007359 2022] [mpm_winnt:notice] [pid 7596:tid 632] AH00424: Parent: Received restart signal -- Restarting the server.
[Wed Jan 12 10:51:17.117145 2022] [mpm_winnt:notice] [pid 7596:tid 632] AH00455: Apache/2.4.47 (Win64) OpenSSL/1.1.1k PHP/7.4.19 configured -- resuming normal operations
[Wed Jan 12 10:51:17.117145 2022] [mpm_winnt:notice] [pid 7596:tid 632] AH00456: Apache Lounge VS16 Server built: Apr 24 2021 11:08:47
[Wed Jan 12 10:51:17.117145 2022] [core:notice] [pid 7596:tid 632] AH00094: Command line: 'D:\\laragon\\bin\\apache\\httpd-2.4.47-win64-VS16\\bin\\httpd -d D:/laragon/bin/apache/httpd-2.4.47-win64-VS16'
[Wed Jan 12 10:51:17.117145 2022] [mpm_winnt:notice] [pid 7596:tid 632] AH00418: Parent: Created child process 6700
[Wed Jan 12 10:51:18.027227 2022] [mpm_winnt:notice] [pid 6700:tid 644] AH00354: Child: Starting 64 worker threads.
[Wed Jan 12 10:51:19.032114 2022] [mpm_winnt:notice] [pid 10668:tid 620] AH00364: Child: All worker threads have exited.
[Thu Jan 13 12:27:08.021224 2022] [core:warn] [pid 12548:tid 528] AH00098: pid file D:/laragon/bin/apache/httpd-2.4.47-win64-VS16/logs/httpd.pid overwritten -- Unclean shutdown of previous Apache run?
[Thu Jan 13 12:27:09.811175 2022] [mpm_winnt:notice] [pid 12548:tid 528] AH00455: Apache/2.4.47 (Win64) OpenSSL/1.1.1k PHP/7.4.19 configured -- resuming normal operations
[Thu Jan 13 12:27:09.811175 2022] [mpm_winnt:notice] [pid 12548:tid 528] AH00456: Apache Lounge VS16 Server built: Apr 24 2021 11:08:47
[Thu Jan 13 12:27:09.811175 2022] [core:notice] [pid 12548:tid 528] AH00094: Command line: 'D:\\laragon\\bin\\apache\\httpd-2.4.47-win64-VS16\\bin\\httpd -d D:/laragon/bin/apache/httpd-2.4.47-win64-VS16'
[Thu Jan 13 12:27:09.826743 2022] [mpm_winnt:notice] [pid 12548:tid 528] AH00418: Parent: Created child process 7016
Apache server interrupted...
022] [mpm_winnt:notice] [pid 7016:tid 608] AH00354: Child: Starting 64 worker threads.
[Thu Jan 13 13:54:36.012402 2022] [mpm_winnt:notice] [pid 12548:tid 528] AH00422: Parent: Received shutdown signal -- Shutting down the server.
[Fri Jan 14 12:23:04.914934 2022] [core:warn] [pid 9364:tid 500] AH00098: pid file D:/laragon/bin/apache/httpd-2.4.47-win64-VS16/logs/httpd.pid overwritten -- Unclean shutdown of previous Apache run?
[Fri Jan 14 12:23:06.738494 2022] [mpm_winnt:notice] [pid 9364:tid 500] AH00455: Apache/2.4.47 (Win64) OpenSSL/1.1.1k PHP/7.4.19 configured -- resuming normal operations
[Fri Jan 14 12:23:06.738494 2022] [mpm_winnt:notice] [pid 9364:tid 500] AH00456: Apache Lounge VS16 Server built: Apr 24 2021 11:08:47
[Fri Jan 14 12:23:06.738494 2022] [core:notice] [pid 9364:tid 500] AH00094: Command line: 'D:\\laragon\\bin\\apache\\httpd-2.4.47-win64-VS16\\bin\\httpd -d D:/laragon/bin/apache/httpd-2.4.47-win64-VS16'
[Fri Jan 14 12:23:06.740521 2022] [mpm_winnt:notice] [pid 9364:tid 500] AH00418: Parent: Created child process 12524
[Fri Jan 14 12:23:07.158223 2022] [mpm_winnt:notice] [pid 12524:tid 608] AH00354: Child: Starting 64 worker threads.
[Fri Jan 14 12:24:58.166586 2022] [mpm_winnt:crit] [pid 12524:tid 608] AH02538: Child: Parent process exited abruptly. Child process is ending
[Fri Jan 14 12:25:00.186752 2022] [mpm_winnt:notice] [pid 12524:tid 608] AH00364: Child: All worker threads have exited.
[Fri Jan 14 12:25:33.221426 2022] [core:warn] [pid 4476:tid 500] AH00098: pid file D:/laragon/bin/apache/httpd-2.4.47-win64-VS16/logs/httpd.pid overwritten -- Unclean shutdown of previous Apache run?
[Fri Jan 14 12:25:33.398982 2022] [mpm_winnt:notice] [pid 4476:tid 500] AH00455: Apache/2.4.47 (Win64) OpenSSL/1.1.1k PHP/7.4.19 configured -- resuming normal operations
[Fri Jan 14 12:25:33.398982 2022] [mpm_winnt:notice] [pid 4476:tid 500] AH00456: Apache Lounge VS16 Server built: Apr 24 2021 11:08:47
[Fri Jan 14 12:25:33.398982 2022] [core:notice] [pid 4476:tid 500] AH00094: Command line: 'D:\\laragon\\bin\\apache\\httpd-2.4.47-win64-VS16\\bin\\httpd -d D:/laragon/bin/apache/httpd-2.4.47-win64-VS16'
[Fri Jan 14 12:25:33.400977 2022] [mpm_winnt:notice] [pid 4476:tid 500] AH00418: Parent: Created child process 11708
Apache server interrupted...
022] [mpm_winnt:notice] [pid 11708:tid 636] AH00354: Child: Starting 64 worker threads.
[Fri Jan 14 12:26:26.166513 2022] [mpm_winnt:notice] [pid 4476:tid 500] AH00422: Parent: Received shutdown signal -- Shutting down the server.
[Fri Jan 14 12:26:28.187745 2022] [mpm_winnt:notice] [pid 11708:tid 636] AH00364: Child: All worker threads have exited.
[Fri Jan 14 12:26:41.746060 2022] [core:warn] [pid 15064:tid 148] AH00098: pid file D:/laragon/bin/apache/httpd-2.4.47-win64-VS16/logs/httpd.pid overwritten -- Unclean shutdown of previous Apache run?
[Fri Jan 14 12:26:41.937192 2022] [mpm_winnt:notice] [pid 15064:tid 148] AH00455: Apache/2.4.47 (Win64) OpenSSL/1.1.1k PHP/7.4.19 configured -- resuming normal operations
[Fri Jan 14 12:26:41.937192 2022] [mpm_winnt:notice] [pid 15064:tid 148] AH00456: Apache Lounge VS16 Server built: Apr 24 2021 11:08:47
[Fri Jan 14 12:26:41.937192 2022] [core:notice] [pid 15064:tid 148] AH00094: Command line: 'D:\\laragon\\bin\\apache\\httpd-2.4.47-win64-VS16\\bin\\httpd -d D:/laragon/bin/apache/httpd-2.4.47-win64-VS16'
[Fri Jan 14 12:26:41.939190 2022] [mpm_winnt:notice] [pid 15064:tid 148] AH00418: Parent: Created child process 4868
Apache server interrupted...
022] [mpm_winnt:notice] [pid 4868:tid 608] AH00354: Child: Starting 64 worker threads.
[Fri Jan 14 12:31:01.435964 2022] [mpm_winnt:notice] [pid 15064:tid 148] AH00422: Parent: Received shutdown signal -- Shutting down the server.
[Fri Jan 14 12:31:03.453283 2022] [mpm_winnt:notice] [pid 4868:tid 608] AH00364: Child: All worker threads have exited.
[Fri Jan 14 12:31:29.214914 2022] [core:warn] [pid 2104:tid 508] AH00098: pid file D:/laragon/bin/apache/httpd-2.4.47-win64-VS16/logs/httpd.pid overwritten -- Unclean shutdown of previous Apache run?
[Fri Jan 14 12:31:29.231868 2022] [mpm_winnt:notice] [pid 2104:tid 508] AH00455: Apache/2.4.47 (Win64) OpenSSL/1.1.1k PHP/7.4.19 configured -- resuming normal operations
[Fri Jan 14 12:31:29.231868 2022] [mpm_winnt:notice] [pid 2104:tid 508] AH00456: Apache Lounge VS16 Server built: Apr 24 2021 11:08:47
[Fri Jan 14 12:31:29.231868 2022] [core:notice] [pid 2104:tid 508] AH00094: Command line: 'D:\\laragon\\bin\\apache\\httpd-2.4.47-win64-VS16\\bin\\httpd -d D:/laragon/bin/apache/httpd-2.4.47-win64-VS16'
[Fri Jan 14 12:31:29.234888 2022] [mpm_winnt:notice] [pid 2104:tid 508] AH00418: Parent: Created child process 9192
Apache server interrupted...
022] [mpm_winnt:notice] [pid 9192:tid 608] AH00354: Child: Starting 64 worker threads.
[Fri Jan 14 12:32:50.985561 2022] [mpm_winnt:notice] [pid 2104:tid 508] AH00422: Parent: Received shutdown signal -- Shutting down the server.
Apache server interrupted...
Apache server interrupted...
[Fri Jan 14 12:33:26.245634 2022] [core:warn] [pid 13052:tid 500] AH00098: pid file D:/laragon/bin/apache/httpd-2.4.47-win64-VS16/logs/httpd.pid overwritten -- Unclean shutdown of previous Apache run?
[Fri Jan 14 12:33:26.348045 2022] [mpm_winnt:notice] [pid 13052:tid 500] AH00455: Apache/2.4.47 (Win64) OpenSSL/1.1.1k PHP/7.4.19 configured -- resuming normal operations
[Fri Jan 14 12:33:26.348045 2022] [mpm_winnt:notice] [pid 13052:tid 500] AH00456: Apache Lounge VS16 Server built: Apr 24 2021 11:08:47
[Fri Jan 14 12:33:26.348045 2022] [core:notice] [pid 13052:tid 500] AH00094: Command line: 'D:\\laragon\\bin\\apache\\httpd-2.4.47-win64-VS16\\bin\\httpd -d D:/laragon/bin/apache/httpd-2.4.47-win64-VS16'
[Fri Jan 14 12:33:26.350040 2022] [mpm_winnt:notice] [pid 13052:tid 500] AH00418: Parent: Created child process 2168
[Fri Jan 14 12:33:26.859251 2022] [mpm_winnt:notice] [pid 2168:tid 608] AH00354: Child: Starting 64 worker threads.
[Fri Jan 14 12:34:17.552234 2022] [mpm_winnt:crit] [pid 2168:tid 608] AH02538: Child: Parent process exited abruptly. Child process is ending
[Fri Jan 14 12:34:19.569318 2022] [mpm_winnt:notice] [pid 2168:tid 608] AH00364: Child: All worker threads have exited.
[Fri Jan 14 12:36:24.266237 2022] [core:warn] [pid 10828:tid 528] AH00098: pid file D:/laragon/bin/apache/httpd-2.4.47-win64-VS16/logs/httpd.pid overwritten -- Unclean shutdown of previous Apache run?
[Fri Jan 14 12:36:26.258753 2022] [mpm_winnt:notice] [pid 10828:tid 528] AH00455: Apache/2.4.47 (Win64) OpenSSL/1.1.1k PHP/7.4.19 configured -- resuming normal operations
[Fri Jan 14 12:36:26.258753 2022] [mpm_winnt:notice] [pid 10828:tid 528] AH00456: Apache Lounge VS16 Server built: Apr 24 2021 11:08:47
[Fri Jan 14 12:36:26.258753 2022] [core:notice] [pid 10828:tid 528] AH00094: Command line: 'D:\\laragon\\bin\\apache\\httpd-2.4.47-win64-VS16\\bin\\httpd -d D:/laragon/bin/apache/httpd-2.4.47-win64-VS16'
[Fri Jan 14 12:36:26.260748 2022] [mpm_winnt:notice] [pid 10828:tid 528] AH00418: Parent: Created child process 748
Apache server interrupted...
022] [mpm_winnt:notice] [pid 748:tid 608] AH00354: Child: Starting 64 worker threads.
[Fri Jan 14 12:42:06.135103 2022] [mpm_winnt:notice] [pid 10828:tid 528] AH00422: Parent: Received shutdown signal -- Shutting down the server.
[Fri Jan 14 12:42:08.145723 2022] [mpm_winnt:notice] [pid 748:tid 608] AH00364: Child: All worker threads have exited.
[Fri Jan 14 12:44:23.573180 2022] [core:warn] [pid 9524:tid 520] AH00098: pid file D:/laragon/bin/apache/httpd-2.4.47-win64-VS16/logs/httpd.pid overwritten -- Unclean shutdown of previous Apache run?
[Fri Jan 14 12:44:25.229084 2022] [mpm_winnt:notice] [pid 9524:tid 520] AH00455: Apache/2.4.47 (Win64) OpenSSL/1.1.1k PHP/7.4.19 configured -- resuming normal operations
[Fri Jan 14 12:44:25.229084 2022] [mpm_winnt:notice] [pid 9524:tid 520] AH00456: Apache Lounge VS16 Server built: Apr 24 2021 11:08:47
[Fri Jan 14 12:44:25.229084 2022] [core:notice] [pid 9524:tid 520] AH00094: Command line: 'D:\\laragon\\bin\\apache\\httpd-2.4.47-win64-VS16\\bin\\httpd -d D:/laragon/bin/apache/httpd-2.4.47-win64-VS16'
[Fri Jan 14 12:44:25.229084 2022] [mpm_winnt:notice] [pid 9524:tid 520] AH00418: Parent: Created child process 7980
Apache server interrupted...
022] [mpm_winnt:notice] [pid 7980:tid 608] AH00354: Child: Starting 64 worker threads.
[Fri Jan 14 12:53:05.683729 2022] [mpm_winnt:notice] [pid 9524:tid 520] AH00422: Parent: Received shutdown signal -- Shutting down the server.
[Fri Jan 14 12:53:23.850755 2022] [core:warn] [pid 7920:tid 500] AH00098: pid file D:/laragon/bin/apache/httpd-2.4.47-win64-VS16/logs/httpd.pid overwritten -- Unclean shutdown of previous Apache run?
[Fri Jan 14 12:53:24.006997 2022] [mpm_winnt:notice] [pid 7920:tid 500] AH00455: Apache/2.4.47 (Win64) OpenSSL/1.1.1k PHP/7.4.19 configured -- resuming normal operations
[Fri Jan 14 12:53:24.006997 2022] [mpm_winnt:notice] [pid 7920:tid 500] AH00456: Apache Lounge VS16 Server built: Apr 24 2021 11:08:47
[Fri Jan 14 12:53:24.006997 2022] [core:notice] [pid 7920:tid 500] AH00094: Command line: 'D:\\laragon\\bin\\apache\\httpd-2.4.47-win64-VS16\\bin\\httpd -d D:/laragon/bin/apache/httpd-2.4.47-win64-VS16'
[Fri Jan 14 12:53:24.006997 2022] [mpm_winnt:notice] [pid 7920:tid 500] AH00418: Parent: Created child process 9752
Apache server interrupted...
022] [mpm_winnt:notice] [pid 9752:tid 584] AH00354: Child: Starting 64 worker threads.
[Fri Jan 14 12:53:34.042996 2022] [mpm_winnt:notice] [pid 7920:tid 500] AH00422: Parent: Received shutdown signal -- Shutting down the server.
[Fri Jan 14 12:56:11.637643 2022] [core:warn] [pid 10200:tid 500] AH00098: pid file D:/laragon/bin/apache/httpd-2.4.47-win64-VS16/logs/httpd.pid overwritten -- Unclean shutdown of previous Apache run?
[Fri Jan 14 12:56:13.631300 2022] [mpm_winnt:notice] [pid 10200:tid 500] AH00455: Apache/2.4.47 (Win64) OpenSSL/1.1.1k PHP/7.4.19 configured -- resuming normal operations
[Fri Jan 14 12:56:13.631300 2022] [mpm_winnt:notice] [pid 10200:tid 500] AH00456: Apache Lounge VS16 Server built: Apr 24 2021 11:08:47
[Fri Jan 14 12:56:13.631300 2022] [core:notice] [pid 10200:tid 500] AH00094: Command line: 'D:\\laragon\\bin\\apache\\httpd-2.4.47-win64-VS16\\bin\\httpd -d D:/laragon/bin/apache/httpd-2.4.47-win64-VS16'
[Fri Jan 14 12:56:13.633295 2022] [mpm_winnt:notice] [pid 10200:tid 500] AH00418: Parent: Created child process 10040
Apache server interrupted...
022] [mpm_winnt:notice] [pid 10040:tid 640] AH00354: Child: Starting 64 worker threads.
[Fri Jan 14 13:43:29.333825 2022] [mpm_winnt:notice] [pid 10200:tid 500] AH00422: Parent: Received shutdown signal -- Shutting down the server.
[Fri Jan 14 13:45:49.439270 2022] [core:warn] [pid 12340:tid 500] AH00098: pid file D:/laragon/bin/apache/httpd-2.4.47-win64-VS16/logs/httpd.pid overwritten -- Unclean shutdown of previous Apache run?
[Fri Jan 14 13:45:51.017084 2022] [mpm_winnt:notice] [pid 12340:tid 500] AH00455: Apache/2.4.47 (Win64) OpenSSL/1.1.1k PHP/7.4.19 configured -- resuming normal operations
[Fri Jan 14 13:45:51.017084 2022] [mpm_winnt:notice] [pid 12340:tid 500] AH00456: Apache Lounge VS16 Server built: Apr 24 2021 11:08:47
[Fri Jan 14 13:45:51.017084 2022] [core:notice] [pid 12340:tid 500] AH00094: Command line: 'D:\\laragon\\bin\\apache\\httpd-2.4.47-win64-VS16\\bin\\httpd -d D:/laragon/bin/apache/httpd-2.4.47-win64-VS16'
[Fri Jan 14 13:45:51.032637 2022] [mpm_winnt:notice] [pid 12340:tid 500] AH00418: Parent: Created child process 2456
Apache server interrupted...
022] [mpm_winnt:notice] [pid 2456:tid 596] AH00354: Child: Starting 64 worker threads.
[Fri Jan 14 13:50:57.057126 2022] [mpm_winnt:notice] [pid 12340:tid 500] AH00422: Parent: Received shutdown signal -- Shutting down the server.
[Fri Jan 14 13:50:59.074139 2022] [mpm_winnt:notice] [pid 2456:tid 596] AH00364: Child: All worker threads have exited.
[Fri Jan 14 13:51:00.087082 2022] [core:warn] [pid 9468:tid 500] AH00098: pid file D:/laragon/bin/apache/httpd-2.4.47-win64-VS16/logs/httpd.pid overwritten -- Unclean shutdown of previous Apache run?
[Fri Jan 14 13:51:00.227674 2022] [mpm_winnt:notice] [pid 9468:tid 500] AH00455: Apache/2.4.47 (Win64) OpenSSL/1.1.1k PHP/7.4.19 configured -- resuming normal operations
[Fri Jan 14 13:51:00.227674 2022] [mpm_winnt:notice] [pid 9468:tid 500] AH00456: Apache Lounge VS16 Server built: Apr 24 2021 11:08:47
[Fri Jan 14 13:51:00.227674 2022] [core:notice] [pid 9468:tid 500] AH00094: Command line: 'D:\\laragon\\bin\\apache\\httpd-2.4.47-win64-VS16\\bin\\httpd -d D:/laragon/bin/apache/httpd-2.4.47-win64-VS16'
[Fri Jan 14 13:51:00.227674 2022] [mpm_winnt:notice] [pid 9468:tid 500] AH00418: Parent: Created child process 3988
Apache server interrupted...
022] [mpm_winnt:notice] [pid 3988:tid 608] AH00354: Child: Starting 64 worker threads.
[Fri Jan 14 13:57:13.640828 2022] [mpm_winnt:notice] [pid 9468:tid 500] AH00422: Parent: Received shutdown signal -- Shutting down the server.
[Wed Jan 19 10:28:53.101397 2022] [core:warn] [pid 9160:tid 500] AH00098: pid file D:/laragon/bin/apache/httpd-2.4.47-win64-VS16/logs/httpd.pid overwritten -- Unclean shutdown of previous Apache run?
[Wed Jan 19 10:28:55.007712 2022] [mpm_winnt:notice] [pid 9160:tid 500] AH00455: Apache/2.4.47 (Win64) OpenSSL/1.1.1k PHP/7.4.19 configured -- resuming normal operations
[Wed Jan 19 10:28:55.007712 2022] [mpm_winnt:notice] [pid 9160:tid 500] AH00456: Apache Lounge VS16 Server built: Apr 24 2021 11:08:47
[Wed Jan 19 10:28:55.007712 2022] [core:notice] [pid 9160:tid 500] AH00094: Command line: 'D:\\laragon\\bin\\apache\\httpd-2.4.47-win64-VS16\\bin\\httpd -d D:/laragon/bin/apache/httpd-2.4.47-win64-VS16'
[Wed Jan 19 10:28:55.023338 2022] [mpm_winnt:notice] [pid 9160:tid 500] AH00418: Parent: Created child process 8096
Apache server interrupted...
022] [mpm_winnt:notice] [pid 8096:tid 612] AH00354: Child: Starting 64 worker threads.
[Wed Jan 19 13:15:50.801792 2022] [mpm_winnt:notice] [pid 9160:tid 500] AH00422: Parent: Received shutdown signal -- Shutting down the server.
[Wed Jan 19 13:15:52.848248 2022] [mpm_winnt:notice] [pid 8096:tid 612] AH00364: Child: All worker threads have exited.
[Thu Jan 20 12:21:57.573029 2022] [core:warn] [pid 8932:tid 504] AH00098: pid file D:/laragon/bin/apache/httpd-2.4.47-win64-VS16/logs/httpd.pid overwritten -- Unclean shutdown of previous Apache run?
[Thu Jan 20 12:22:00.259979 2022] [mpm_winnt:notice] [pid 8932:tid 504] AH00455: Apache/2.4.47 (Win64) OpenSSL/1.1.1k PHP/7.4.19 configured -- resuming normal operations
[Thu Jan 20 12:22:00.259979 2022] [mpm_winnt:notice] [pid 8932:tid 504] AH00456: Apache Lounge VS16 Server built: Apr 24 2021 11:08:47
[Thu Jan 20 12:22:00.259979 2022] [core:notice] [pid 8932:tid 504] AH00094: Command line: 'D:\\laragon\\bin\\apache\\httpd-2.4.47-win64-VS16\\bin\\httpd -d D:/laragon/bin/apache/httpd-2.4.47-win64-VS16'
[Thu Jan 20 12:22:00.259979 2022] [mpm_winnt:notice] [pid 8932:tid 504] AH00418: Parent: Created child process 2912
Apache server interrupted...
022] [mpm_winnt:notice] [pid 2912:tid 616] AH00354: Child: Starting 64 worker threads.
[Thu Jan 20 12:24:37.241383 2022] [mpm_winnt:notice] [pid 8932:tid 504] AH00422: Parent: Received shutdown signal -- Shutting down the server.
[Thu Jan 20 12:24:41.951968 2022] [core:warn] [pid 5508:tid 512] AH00098: pid file D:/laragon/bin/apache/httpd-2.4.47-win64-VS16/logs/httpd.pid overwritten -- Unclean shutdown of previous Apache run?
[Thu Jan 20 12:24:42.065608 2022] [mpm_winnt:notice] [pid 5508:tid 512] AH00455: Apache/2.4.47 (Win64) OpenSSL/1.1.1k PHP/7.4.19 configured -- resuming normal operations
[Thu Jan 20 12:24:42.065608 2022] [mpm_winnt:notice] [pid 5508:tid 512] AH00456: Apache Lounge VS16 Server built: Apr 24 2021 11:08:47
[Thu Jan 20 12:24:42.065608 2022] [core:notice] [pid 5508:tid 512] AH00094: Command line: 'D:\\laragon\\bin\\apache\\httpd-2.4.47-win64-VS16\\bin\\httpd -d D:/laragon/bin/apache/httpd-2.4.47-win64-VS16'
[Thu Jan 20 12:24:42.081177 2022] [mpm_winnt:notice] [pid 5508:tid 512] AH00418: Parent: Created child process 10032
Apache server interrupted...
022] [mpm_winnt:notice] [pid 10032:tid 612] AH00354: Child: Starting 64 worker threads.
[Thu Jan 20 13:58:56.848735 2022] [mpm_winnt:notice] [pid 5508:tid 512] AH00422: Parent: Received shutdown signal -- Shutting down the server.
[Thu Jan 20 13:58:58.879541 2022] [mpm_winnt:notice] [pid 10032:tid 612] AH00364: Child: All worker threads have exited.
[Wed Jan 26 08:22:45.549661 2022] [core:warn] [pid 10032:tid 500] AH00098: pid file D:/laragon/bin/apache/httpd-2.4.47-win64-VS16/logs/httpd.pid overwritten -- Unclean shutdown of previous Apache run?
[Wed Jan 26 08:22:48.377088 2022] [mpm_winnt:notice] [pid 10032:tid 500] AH00455: Apache/2.4.47 (Win64) OpenSSL/1.1.1k PHP/7.4.19 configured -- resuming normal operations
[Wed Jan 26 08:22:48.377088 2022] [mpm_winnt:notice] [pid 10032:tid 500] AH00456: Apache Lounge VS16 Server built: Apr 24 2021 11:08:47
[Wed Jan 26 08:22:48.377088 2022] [core:notice] [pid 10032:tid 500] AH00094: Command line: 'D:\\laragon\\bin\\apache\\httpd-2.4.47-win64-VS16\\bin\\httpd -d D:/laragon/bin/apache/httpd-2.4.47-win64-VS16'
[Wed Jan 26 08:22:48.392707 2022] [mpm_winnt:notice] [pid 10032:tid 500] AH00418: Parent: Created child process 1532
Apache server interrupted...
022] [mpm_winnt:notice] [pid 1532:tid 608] AH00354: Child: Starting 64 worker threads.
[Wed Jan 26 08:23:43.833875 2022] [mpm_winnt:notice] [pid 10032:tid 500] AH00422: Parent: Received shutdown signal -- Shutting down the server.
[Wed Jan 26 10:26:16.917138 2022] [core:warn] [pid 6240:tid 580] AH00098: pid file D:/laragon/bin/apache/httpd-2.4.47-win64-VS16/logs/httpd.pid overwritten -- Unclean shutdown of previous Apache run?
[Wed Jan 26 10:26:16.932760 2022] [mpm_winnt:notice] [pid 6240:tid 580] AH00455: Apache/2.4.47 (Win64) OpenSSL/1.1.1k PHP/7.4.19 configured -- resuming normal operations
[Wed Jan 26 10:26:16.932760 2022] [mpm_winnt:notice] [pid 6240:tid 580] AH00456: Apache Lounge VS16 Server built: Apr 24 2021 11:08:47
[Wed Jan 26 10:26:16.932760 2022] [core:notice] [pid 6240:tid 580] AH00094: Command line: 'D:\\laragon\\bin\\apache\\httpd-2.4.47-win64-VS16\\bin\\httpd -d D:/laragon/bin/apache/httpd-2.4.47-win64-VS16'
[Wed Jan 26 10:26:16.932760 2022] [mpm_winnt:notice] [pid 6240:tid 580] AH00418: Parent: Created child process 9516
Apache server interrupted...
022] [mpm_winnt:notice] [pid 9516:tid 608] AH00354: Child: Starting 64 worker threads.
[Wed Jan 26 10:53:42.132363 2022] [mpm_winnt:notice] [pid 6240:tid 580] AH00422: Parent: Received shutdown signal -- Shutting down the server.
Apache server interrupted...
Apache server interrupted...
Apache server interrupted...
[Wed Jan 26 10:56:59.507744 2022] [core:warn] [pid 1284:tid 492] AH00098: pid file D:/laragon/bin/apache/httpd-2.4.47-win64-VS16/logs/httpd.pid overwritten -- Unclean shutdown of previous Apache run?
[Wed Jan 26 10:56:59.523700 2022] [mpm_winnt:notice] [pid 1284:tid 492] AH00455: Apache/2.4.47 (Win64) OpenSSL/1.1.1k PHP/7.4.19 configured -- resuming normal operations
[Wed Jan 26 10:56:59.523700 2022] [mpm_winnt:notice] [pid 1284:tid 492] AH00456: Apache Lounge VS16 Server built: Apr 24 2021 11:08:47
[Wed Jan 26 10:56:59.523700 2022] [core:notice] [pid 1284:tid 492] AH00094: Command line: 'D:\\laragon\\bin\\apache\\httpd-2.4.47-win64-VS16\\bin\\httpd -d D:/laragon/bin/apache/httpd-2.4.47-win64-VS16'
[Wed Jan 26 10:56:59.526693 2022] [mpm_winnt:notice] [pid 1284:tid 492] AH00418: Parent: Created child process 6468
Apache server interrupted...
022] [mpm_winnt:notice] [pid 6468:tid 584] AH00354: Child: Starting 64 worker threads.
[Wed Jan 26 13:16:40.790011 2022] [mpm_winnt:notice] [pid 1284:tid 492] AH00422: Parent: Received shutdown signal -- Shutting down the server.
[Wed Jan 26 13:16:42.825079 2022] [mpm_winnt:notice] [pid 6468:tid 584] AH00364: Child: All worker threads have exited.
[Wed Jan 26 13:17:04.963384 2022] [core:warn] [pid 10420:tid 500] AH00098: pid file D:/laragon/bin/apache/httpd-2.4.47-win64-VS16/logs/httpd.pid overwritten -- Unclean shutdown of previous Apache run?
[Wed Jan 26 13:17:04.979006 2022] [mpm_winnt:notice] [pid 10420:tid 500] AH00455: Apache/2.4.47 (Win64) OpenSSL/1.1.1k PHP/7.4.19 configured -- resuming normal operations
[Wed Jan 26 13:17:04.979006 2022] [mpm_winnt:notice] [pid 10420:tid 500] AH00456: Apache Lounge VS16 Server built: Apr 24 2021 11:08:47
[Wed Jan 26 13:17:04.979006 2022] [core:notice] [pid 10420:tid 500] AH00094: Command line: 'D:\\laragon\\bin\\apache\\httpd-2.4.47-win64-VS16\\bin\\httpd -d D:/laragon/bin/apache/httpd-2.4.47-win64-VS16'
[Wed Jan 26 13:17:04.979006 2022] [mpm_winnt:notice] [pid 10420:tid 500] AH00418: Parent: Created child process 10644
[Wed Jan 26 13:17:05.338296 2022] [mpm_winnt:notice] [pid 10644:tid 608] AH00354: Child: Starting 64 worker threads.
[Wed Jan 26 13:17:38.319061 2022] [mpm_winnt:crit] [pid 10644:tid 608] AH02538: Child: Parent process exited abruptly. Child process is ending
[Thu Jan 27 16:41:38.359197 2022] [core:warn] [pid 14716:tid 588] AH00098: pid file D:/laragon/bin/apache/httpd-2.4.47-win64-VS16/logs/httpd.pid overwritten -- Unclean shutdown of previous Apache run?
[Thu Jan 27 16:41:40.624749 2022] [mpm_winnt:notice] [pid 14716:tid 588] AH00455: Apache/2.4.47 (Win64) OpenSSL/1.1.1k PHP/7.4.19 configured -- resuming normal operations
[Thu Jan 27 16:41:40.624749 2022] [mpm_winnt:notice] [pid 14716:tid 588] AH00456: Apache Lounge VS16 Server built: Apr 24 2021 11:08:47
[Thu Jan 27 16:41:40.624749 2022] [core:notice] [pid 14716:tid 588] AH00094: Command line: 'D:\\laragon\\bin\\apache\\httpd-2.4.47-win64-VS16\\bin\\httpd -d D:/laragon/bin/apache/httpd-2.4.47-win64-VS16'
[Thu Jan 27 16:41:40.624749 2022] [mpm_winnt:notice] [pid 14716:tid 588] AH00418: Parent: Created child process 8360
Apache server interrupted...
022] [mpm_winnt:notice] [pid 8360:tid 620] AH00354: Child: Starting 64 worker threads.
[Thu Jan 27 16:43:06.768429 2022] [mpm_winnt:notice] [pid 14716:tid 588] AH00422: Parent: Received shutdown signal -- Shutting down the server.
[Thu Jan 27 16:43:08.799609 2022] [mpm_winnt:notice] [pid 8360:tid 620] AH00364: Child: All worker threads have exited.
[Thu Jan 27 16:43:17.503279 2022] [core:warn] [pid 13016:tid 548] AH00098: pid file D:/laragon/bin/apache/httpd-2.4.47-win64-VS16/logs/httpd.pid overwritten -- Unclean shutdown of previous Apache run?
[Thu Jan 27 16:43:17.534528 2022] [mpm_winnt:notice] [pid 13016:tid 548] AH00455: Apache/2.4.47 (Win64) OpenSSL/1.1.1k PHP/7.4.19 configured -- resuming normal operations
[Thu Jan 27 16:43:17.534528 2022] [mpm_winnt:notice] [pid 13016:tid 548] AH00456: Apache Lounge VS16 Server built: Apr 24 2021 11:08:47
[Thu Jan 27 16:43:17.534528 2022] [core:notice] [pid 13016:tid 548] AH00094: Command line: 'D:\\laragon\\bin\\apache\\httpd-2.4.47-win64-VS16\\bin\\httpd -d D:/laragon/bin/apache/httpd-2.4.47-win64-VS16'
[Thu Jan 27 16:43:17.534528 2022] [mpm_winnt:notice] [pid 13016:tid 548] AH00418: Parent: Created child process 8608
Apache server interrupted...
022] [mpm_winnt:notice] [pid 8608:tid 640] AH00354: Child: Starting 64 worker threads.
[Thu Jan 27 17:00:15.277036 2022] [mpm_winnt:notice] [pid 13016:tid 548] AH00422: Parent: Received shutdown signal -- Shutting down the server.
[Thu Jan 27 17:00:17.308264 2022] [mpm_winnt:notice] [pid 8608:tid 640] AH00364: Child: All worker threads have exited.
[Fri Jan 28 10:28:22.227990 2022] [core:warn] [pid 4432:tid 472] AH00098: pid file D:/laragon/bin/apache/httpd-2.4.47-win64-VS16/logs/httpd.pid overwritten -- Unclean shutdown of previous Apache run?
[Fri Jan 28 10:28:23.907192 2022] [mpm_winnt:notice] [pid 4432:tid 472] AH00455: Apache/2.4.47 (Win64) OpenSSL/1.1.1k PHP/7.4.19 configured -- resuming normal operations
[Fri Jan 28 10:28:23.907192 2022] [mpm_winnt:notice] [pid 4432:tid 472] AH00456: Apache Lounge VS16 Server built: Apr 24 2021 11:08:47
[Fri Jan 28 10:28:23.907192 2022] [core:notice] [pid 4432:tid 472] AH00094: Command line: 'D:\\laragon\\bin\\apache\\httpd-2.4.47-win64-VS16\\bin\\httpd -d D:/laragon/bin/apache/httpd-2.4.47-win64-VS16'
[Fri Jan 28 10:28:23.922787 2022] [mpm_winnt:notice] [pid 4432:tid 472] AH00418: Parent: Created child process 9700
Apache server interrupted...
022] [mpm_winnt:notice] [pid 9700:tid 608] AH00354: Child: Starting 64 worker threads.
[Fri Jan 28 12:09:38.340613 2022] [mpm_winnt:notice] [pid 4432:tid 472] AH00422: Parent: Received shutdown signal -- Shutting down the server.
[Wed Feb 02 10:35:15.248528 2022] [core:warn] [pid 2324:tid 552] AH00098: pid file D:/laragon/bin/apache/httpd-2.4.47-win64-VS16/logs/httpd.pid overwritten -- Unclean shutdown of previous Apache run?
[Wed Feb 02 10:35:16.986514 2022] [mpm_winnt:notice] [pid 2324:tid 552] AH00455: Apache/2.4.47 (Win64) OpenSSL/1.1.1k PHP/7.4.19 configured -- resuming normal operations
[Wed Feb 02 10:35:16.986514 2022] [mpm_winnt:notice] [pid 2324:tid 552] AH00456: Apache Lounge VS16 Server built: Apr 24 2021 11:08:47
[Wed Feb 02 10:35:16.986514 2022] [core:notice] [pid 2324:tid 552] AH00094: Command line: 'D:\\laragon\\bin\\apache\\httpd-2.4.47-win64-VS16\\bin\\httpd -d D:/laragon/bin/apache/httpd-2.4.47-win64-VS16'
[Wed Feb 02 10:35:16.993502 2022] [mpm_winnt:notice] [pid 2324:tid 552] AH00418: Parent: Created child process 14880
Apache server interrupted...
022] [mpm_winnt:notice] [pid 14880:tid 588] AH00354: Child: Starting 64 worker threads.
[Wed Feb 02 10:37:37.468681 2022] [mpm_winnt:notice] [pid 2324:tid 552] AH00422: Parent: Received shutdown signal -- Shutting down the server.
[Wed Feb 02 10:37:46.787973 2022] [core:warn] [pid 13352:tid 536] AH00098: pid file D:/laragon/bin/apache/httpd-2.4.47-win64-VS16/logs/httpd.pid overwritten -- Unclean shutdown of previous Apache run?
[Wed Feb 02 10:37:46.805925 2022] [mpm_winnt:notice] [pid 13352:tid 536] AH00455: Apache/2.4.47 (Win64) OpenSSL/1.1.1k PHP/7.4.19 configured -- resuming normal operations
[Wed Feb 02 10:37:46.805925 2022] [mpm_winnt:notice] [pid 13352:tid 536] AH00456: Apache Lounge VS16 Server built: Apr 24 2021 11:08:47
[Wed Feb 02 10:37:46.805925 2022] [core:notice] [pid 13352:tid 536] AH00094: Command line: 'D:\\laragon\\bin\\apache\\httpd-2.4.47-win64-VS16\\bin\\httpd -d D:/laragon/bin/apache/httpd-2.4.47-win64-VS16'
[Wed Feb 02 10:37:46.807890 2022] [mpm_winnt:notice] [pid 13352:tid 536] AH00418: Parent: Created child process 9924
Apache server interrupted...
022] [mpm_winnt:notice] [pid 9924:tid 608] AH00354: Child: Starting 64 worker threads.
[Wed Feb 02 13:14:57.596831 2022] [mpm_winnt:notice] [pid 13352:tid 536] AH00422: Parent: Received shutdown signal -- Shutting down the server.
[Wed Feb 02 13:14:59.622917 2022] [mpm_winnt:notice] [pid 9924:tid 608] AH00364: Child: All worker threads have exited.
[Thu Feb 03 12:23:56.856302 2022] [core:warn] [pid 12044:tid 500] AH00098: pid file D:/laragon/bin/apache/httpd-2.4.47-win64-VS16/logs/httpd.pid overwritten -- Unclean shutdown of previous Apache run?
[Thu Feb 03 12:24:00.645371 2022] [mpm_winnt:notice] [pid 12044:tid 500] AH00455: Apache/2.4.47 (Win64) OpenSSL/1.1.1k PHP/7.4.19 configured -- resuming normal operations
[Thu Feb 03 12:24:00.645371 2022] [mpm_winnt:notice] [pid 12044:tid 500] AH00456: Apache Lounge VS16 Server built: Apr 24 2021 11:08:47
[Thu Feb 03 12:24:00.645371 2022] [core:notice] [pid 12044:tid 500] AH00094: Command line: 'D:\\laragon\\bin\\apache\\httpd-2.4.47-win64-VS16\\bin\\httpd -d D:/laragon/bin/apache/httpd-2.4.47-win64-VS16'
[Thu Feb 03 12:24:00.653348 2022] [mpm_winnt:notice] [pid 12044:tid 500] AH00418: Parent: Created child process 5636
[Thu Feb 03 12:24:01.205047 2022] [mpm_winnt:notice] [pid 5636:tid 616] AH00354: Child: Starting 64 worker threads.
[Thu Feb 03 12:41:22.455524 2022] [mpm_winnt:crit] [pid 5636:tid 616] AH02538: Child: Parent process exited abruptly. Child process is ending
[Thu Feb 03 12:51:45.938213 2022] [core:warn] [pid 11096:tid 540] AH00098: pid file D:/laragon/bin/apache/httpd-2.4.47-win64-VS16/logs/httpd.pid overwritten -- Unclean shutdown of previous Apache run?
[Thu Feb 03 12:51:45.953838 2022] [mpm_winnt:notice] [pid 11096:tid 540] AH00455: Apache/2.4.47 (Win64) OpenSSL/1.1.1k PHP/7.4.19 configured -- resuming normal operations
[Thu Feb 03 12:51:45.953838 2022] [mpm_winnt:notice] [pid 11096:tid 540] AH00456: Apache Lounge VS16 Server built: Apr 24 2021 11:08:47
[Thu Feb 03 12:51:45.953838 2022] [core:notice] [pid 11096:tid 540] AH00094: Command line: 'D:\\laragon\\bin\\apache\\httpd-2.4.47-win64-VS16\\bin\\httpd -d D:/laragon/bin/apache/httpd-2.4.47-win64-VS16'
[Thu Feb 03 12:51:45.956860 2022] [mpm_winnt:notice] [pid 11096:tid 540] AH00418: Parent: Created child process 6264
Apache server interrupted...
022] [mpm_winnt:notice] [pid 6264:tid 608] AH00354: Child: Starting 64 worker threads.
[Thu Feb 03 13:58:40.165049 2022] [mpm_winnt:notice] [pid 11096:tid 540] AH00422: Parent: Received shutdown signal -- Shutting down the server.
[Thu Feb 03 13:58:42.186083 2022] [mpm_winnt:notice] [pid 6264:tid 608] AH00364: Child: All worker threads have exited.
[Fri Feb 04 12:19:55.823153 2022] [core:warn] [pid 12260:tid 500] AH00098: pid file D:/laragon/bin/apache/httpd-2.4.47-win64-VS16/logs/httpd.pid overwritten -- Unclean shutdown of previous Apache run?
[Fri Feb 04 12:19:57.612778 2022] [mpm_winnt:notice] [pid 12260:tid 500] AH00455: Apache/2.4.47 (Win64) OpenSSL/1.1.1k PHP/7.4.19 configured -- resuming normal operations
[Fri Feb 04 12:19:57.612778 2022] [mpm_winnt:notice] [pid 12260:tid 500] AH00456: Apache Lounge VS16 Server built: Apr 24 2021 11:08:47
[Fri Feb 04 12:19:57.612778 2022] [core:notice] [pid 12260:tid 500] AH00094: Command line: 'D:\\laragon\\bin\\apache\\httpd-2.4.47-win64-VS16\\bin\\httpd -d D:/laragon/bin/apache/httpd-2.4.47-win64-VS16'
[Fri Feb 04 12:19:57.614775 2022] [mpm_winnt:notice] [pid 12260:tid 500] AH00418: Parent: Created child process 4032
Apache server interrupted...
022] [mpm_winnt:notice] [pid 4032:tid 608] AH00354: Child: Starting 64 worker threads.
[Fri Feb 04 12:21:53.270605 2022] [mpm_winnt:notice] [pid 12260:tid 500] AH00422: Parent: Received shutdown signal -- Shutting down the server.
[Fri Feb 04 12:21:57.182275 2022] [core:warn] [pid 8164:tid 508] AH00098: pid file D:/laragon/bin/apache/httpd-2.4.47-win64-VS16/logs/httpd.pid overwritten -- Unclean shutdown of previous Apache run?
[Fri Feb 04 12:21:57.281786 2022] [mpm_winnt:notice] [pid 8164:tid 508] AH00455: Apache/2.4.47 (Win64) OpenSSL/1.1.1k PHP/7.4.19 configured -- resuming normal operations
[Fri Feb 04 12:21:57.281786 2022] [mpm_winnt:notice] [pid 8164:tid 508] AH00456: Apache Lounge VS16 Server built: Apr 24 2021 11:08:47
[Fri Feb 04 12:21:57.281786 2022] [core:notice] [pid 8164:tid 508] AH00094: Command line: 'D:\\laragon\\bin\\apache\\httpd-2.4.47-win64-VS16\\bin\\httpd -d D:/laragon/bin/apache/httpd-2.4.47-win64-VS16'
[Fri Feb 04 12:21:57.283310 2022] [mpm_winnt:notice] [pid 8164:tid 508] AH00418: Parent: Created child process 10056
Apache server interrupted...
022] [mpm_winnt:notice] [pid 10056:tid 484] AH00354: Child: Starting 64 worker threads.
[Fri Feb 04 14:01:34.751110 2022] [mpm_winnt:notice] [pid 8164:tid 508] AH00422: Parent: Received shutdown signal -- Shutting down the server.
[Fri Feb 04 14:01:36.780956 2022] [mpm_winnt:notice] [pid 10056:tid 484] AH00364: Child: All worker threads have exited.
[Wed Feb 09 10:22:29.573997 2022] [core:warn] [pid 2544:tid 492] AH00098: pid file D:/laragon/bin/apache/httpd-2.4.47-win64-VS16/logs/httpd.pid overwritten -- Unclean shutdown of previous Apache run?
[Wed Feb 09 10:22:31.083509 2022] [mpm_winnt:notice] [pid 2544:tid 492] AH00455: Apache/2.4.47 (Win64) OpenSSL/1.1.1k PHP/7.4.19 configured -- resuming normal operations
[Wed Feb 09 10:22:31.083509 2022] [mpm_winnt:notice] [pid 2544:tid 492] AH00456: Apache Lounge VS16 Server built: Apr 24 2021 11:08:47
[Wed Feb 09 10:22:31.083509 2022] [core:notice] [pid 2544:tid 492] AH00094: Command line: 'D:\\laragon\\bin\\apache\\httpd-2.4.47-win64-VS16\\bin\\httpd -d D:/laragon/bin/apache/httpd-2.4.47-win64-VS16'
[Wed Feb 09 10:22:31.085504 2022] [mpm_winnt:notice] [pid 2544:tid 492] AH00418: Parent: Created child process 12004
Apache server interrupted...
022] [mpm_winnt:notice] [pid 12004:tid 596] AH00354: Child: Starting 64 worker threads.
[Wed Feb 09 10:23:37.175965 2022] [mpm_winnt:notice] [pid 2544:tid 492] AH00422: Parent: Received shutdown signal -- Shutting down the server.
[Wed Feb 09 10:23:39.190656 2022] [mpm_winnt:notice] [pid 12004:tid 596] AH00364: Child: All worker threads have exited.
[Wed Feb 09 10:23:50.481156 2022] [core:warn] [pid 10848:tid 500] AH00098: pid file D:/laragon/bin/apache/httpd-2.4.47-win64-VS16/logs/httpd.pid overwritten -- Unclean shutdown of previous Apache run?
[Wed Feb 09 10:23:50.605090 2022] [mpm_winnt:notice] [pid 10848:tid 500] AH00455: Apache/2.4.47 (Win64) OpenSSL/1.1.1k PHP/7.4.19 configured -- resuming normal operations
[Wed Feb 09 10:23:50.605090 2022] [mpm_winnt:notice] [pid 10848:tid 500] AH00456: Apache Lounge VS16 Server built: Apr 24 2021 11:08:47
[Wed Feb 09 10:23:50.605090 2022] [core:notice] [pid 10848:tid 500] AH00094: Command line: 'D:\\laragon\\bin\\apache\\httpd-2.4.47-win64-VS16\\bin\\httpd -d D:/laragon/bin/apache/httpd-2.4.47-win64-VS16'
[Wed Feb 09 10:23:50.607057 2022] [mpm_winnt:notice] [pid 10848:tid 500] AH00418: Parent: Created child process 6760
Apache server interrupted...
022] [mpm_winnt:notice] [pid 6760:tid 608] AH00354: Child: Starting 64 worker threads.
[Wed Feb 09 13:17:25.728689 2022] [mpm_winnt:notice] [pid 10848:tid 500] AH00422: Parent: Received shutdown signal -- Shutting down the server.
[Wed Feb 09 13:17:27.757565 2022] [mpm_winnt:notice] [pid 6760:tid 608] AH00364: Child: All worker threads have exited.
[Thu Feb 10 12:34:01.929402 2022] [core:warn] [pid 4080:tid 528] AH00098: pid file D:/laragon/bin/apache/httpd-2.4.47-win64-VS16/logs/httpd.pid overwritten -- Unclean shutdown of previous Apache run?
[Thu Feb 10 12:34:03.575180 2022] [mpm_winnt:notice] [pid 4080:tid 528] AH00455: Apache/2.4.47 (Win64) OpenSSL/1.1.1k PHP/7.4.19 configured -- resuming normal operations
[Thu Feb 10 12:34:03.575180 2022] [mpm_winnt:notice] [pid 4080:tid 528] AH00456: Apache Lounge VS16 Server built: Apr 24 2021 11:08:47
[Thu Feb 10 12:34:03.575180 2022] [core:notice] [pid 4080:tid 528] AH00094: Command line: 'D:\\laragon\\bin\\apache\\httpd-2.4.47-win64-VS16\\bin\\httpd -d D:/laragon/bin/apache/httpd-2.4.47-win64-VS16'
[Thu Feb 10 12:34:03.575180 2022] [mpm_winnt:notice] [pid 4080:tid 528] AH00418: Parent: Created child process 6404
[Thu Feb 10 12:34:03.921053 2022] [mpm_winnt:notice] [pid 6404:tid 636] AH00354: Child: Starting 64 worker threads.
[Thu Feb 10 12:35:09.564165 2022] [mpm_winnt:crit] [pid 6404:tid 636] AH02538: Child: Parent process exited abruptly. Child process is ending
[Thu Feb 10 12:35:19.747862 2022] [core:warn] [pid 1784:tid 516] AH00098: pid file D:/laragon/bin/apache/httpd-2.4.47-win64-VS16/logs/httpd.pid overwritten -- Unclean shutdown of previous Apache run?
[Thu Feb 10 12:35:19.908142 2022] [mpm_winnt:notice] [pid 1784:tid 516] AH00455: Apache/2.4.47 (Win64) OpenSSL/1.1.1k PHP/7.4.19 configured -- resuming normal operations
[Thu Feb 10 12:35:19.908142 2022] [mpm_winnt:notice] [pid 1784:tid 516] AH00456: Apache Lounge VS16 Server built: Apr 24 2021 11:08:47
[Thu Feb 10 12:35:19.908142 2022] [core:notice] [pid 1784:tid 516] AH00094: Command line: 'D:\\laragon\\bin\\apache\\httpd-2.4.47-win64-VS16\\bin\\httpd -d D:/laragon/bin/apache/httpd-2.4.47-win64-VS16'
[Thu Feb 10 12:35:19.908142 2022] [mpm_winnt:notice] [pid 1784:tid 516] AH00418: Parent: Created child process 5164
[Thu Feb 10 12:35:20.256100 2022] [mpm_winnt:notice] [pid 5164:tid 628] AH00354: Child: Starting 64 worker threads.
[Thu Feb 10 14:06:15.445730 2022] [mpm_winnt:crit] [pid 5164:tid 628] AH02538: Child: Parent process exited abruptly. Child process is ending
[Fri Feb 11 12:27:28.726820 2022] [core:warn] [pid 8928:tid 528] AH00098: pid file D:/laragon/bin/apache/httpd-2.4.47-win64-VS16/logs/httpd.pid overwritten -- Unclean shutdown of previous Apache run?
[Fri Feb 11 12:27:30.433124 2022] [mpm_winnt:notice] [pid 8928:tid 528] AH00455: Apache/2.4.47 (Win64) OpenSSL/1.1.1k PHP/7.4.19 configured -- resuming normal operations
[Fri Feb 11 12:27:30.433124 2022] [mpm_winnt:notice] [pid 8928:tid 528] AH00456: Apache Lounge VS16 Server built: Apr 24 2021 11:08:47
[Fri Feb 11 12:27:30.433124 2022] [core:notice] [pid 8928:tid 528] AH00094: Command line: 'D:\\laragon\\bin\\apache\\httpd-2.4.47-win64-VS16\\bin\\httpd -d D:/laragon/bin/apache/httpd-2.4.47-win64-VS16'
[Fri Feb 11 12:27:30.436094 2022] [mpm_winnt:notice] [pid 8928:tid 528] AH00418: Parent: Created child process 5748
Apache server interrupted...
022] [mpm_winnt:notice] [pid 5748:tid 632] AH00354: Child: Starting 64 worker threads.
[Fri Feb 11 13:58:06.949280 2022] [mpm_winnt:notice] [pid 8928:tid 528] AH00422: Parent: Received shutdown signal -- Shutting down the server.
[Fri Feb 11 13:58:08.965584 2022] [mpm_winnt:notice] [pid 5748:tid 632] AH00364: Child: All worker threads have exited.
[Mon Feb 14 18:30:32.569200 2022] [core:warn] [pid 10064:tid 540] AH00098: pid file D:/laragon/bin/apache/httpd-2.4.47-win64-VS16/logs/httpd.pid overwritten -- Unclean shutdown of previous Apache run?
[Mon Feb 14 18:30:35.062830 2022] [mpm_winnt:notice] [pid 10064:tid 540] AH00455: Apache/2.4.47 (Win64) OpenSSL/1.1.1k PHP/7.4.19 configured -- resuming normal operations
[Mon Feb 14 18:30:35.062830 2022] [mpm_winnt:notice] [pid 10064:tid 540] AH00456: Apache Lounge VS16 Server built: Apr 24 2021 11:08:47
[Mon Feb 14 18:30:35.062830 2022] [core:notice] [pid 10064:tid 540] AH00094: Command line: 'D:\\laragon\\bin\\apache\\httpd-2.4.47-win64-VS16\\bin\\httpd -d D:/laragon/bin/apache/httpd-2.4.47-win64-VS16'
[Mon Feb 14 18:30:35.066826 2022] [mpm_winnt:notice] [pid 10064:tid 540] AH00418: Parent: Created child process 4624
Apache server interrupted...
022] [mpm_winnt:notice] [pid 4624:tid 624] AH00354: Child: Starting 64 worker threads.
[Mon Feb 14 19:07:52.210508 2022] [mpm_winnt:notice] [pid 10064:tid 540] AH00422: Parent: Received shutdown signal -- Shutting down the server.
[Mon Feb 14 19:07:54.224250 2022] [mpm_winnt:notice] [pid 4624:tid 624] AH00364: Child: All worker threads have exited.
[Mon Feb 14 19:23:12.255378 2022] [core:warn] [pid 13864:tid 516] AH00098: pid file D:/laragon/bin/apache/httpd-2.4.47-win64-VS16/logs/httpd.pid overwritten -- Unclean shutdown of previous Apache run?
[Mon Feb 14 19:23:12.410427 2022] [mpm_winnt:notice] [pid 13864:tid 516] AH00455: Apache/2.4.47 (Win64) OpenSSL/1.1.1k PHP/7.4.19 configured -- resuming normal operations
[Mon Feb 14 19:23:12.410427 2022] [mpm_winnt:notice] [pid 13864:tid 516] AH00456: Apache Lounge VS16 Server built: Apr 24 2021 11:08:47
[Mon Feb 14 19:23:12.410427 2022] [core:notice] [pid 13864:tid 516] AH00094: Command line: 'D:\\laragon\\bin\\apache\\httpd-2.4.47-win64-VS16\\bin\\httpd -d D:/laragon/bin/apache/httpd-2.4.47-win64-VS16'
[Mon Feb 14 19:23:12.414032 2022] [mpm_winnt:notice] [pid 13864:tid 516] AH00418: Parent: Created child process 12476
[Mon Feb 14 19:23:12.963128 2022] [mpm_winnt:notice] [pid 12476:tid 624] AH00354: Child: Starting 64 worker threads.
[Tue Feb 15 09:02:21.359544 2022] [core:warn] [pid 11396:tid 524] AH00098: pid file D:/laragon/bin/apache/httpd-2.4.47-win64-VS16/logs/httpd.pid overwritten -- Unclean shutdown of previous Apache run?
[Tue Feb 15 09:02:23.364245 2022] [mpm_winnt:notice] [pid 11396:tid 524] AH00455: Apache/2.4.47 (Win64) OpenSSL/1.1.1k PHP/7.4.19 configured -- resuming normal operations
[Tue Feb 15 09:02:23.364245 2022] [mpm_winnt:notice] [pid 11396:tid 524] AH00456: Apache Lounge VS16 Server built: Apr 24 2021 11:08:47
[Tue Feb 15 09:02:23.364245 2022] [core:notice] [pid 11396:tid 524] AH00094: Command line: 'D:\\laragon\\bin\\apache\\httpd-2.4.47-win64-VS16\\bin\\httpd -d D:/laragon/bin/apache/httpd-2.4.47-win64-VS16'
[Tue Feb 15 09:02:23.369731 2022] [mpm_winnt:notice] [pid 11396:tid 524] AH00418: Parent: Created child process 2340
Apache server interrupted...
022] [mpm_winnt:notice] [pid 2340:tid 528] AH00354: Child: Starting 64 worker threads.
[Tue Feb 15 09:20:59.230546 2022] [php7:error] [pid 2340:tid 1152] [client ::1:55772] script 'D:/laragon/www/Congelados/iniciarSesion.php' not found or unable to stat, referer: http://localhost/Congelados/
[Tue Feb 15 09:21:01.302535 2022] [php7:error] [pid 2340:tid 1152] [client ::1:55772] script 'D:/laragon/www/Congelados/cerrarSesion.php' not found or unable to stat, referer: http://localhost/Congelados/
[Tue Feb 15 11:03:50.295875 2022] [mpm_winnt:notice] [pid 11396:tid 524] AH00422: Parent: Received shutdown signal -- Shutting down the server.
Apache server interrupted...
Apache server interrupted...
Apache server interrupted...
Apache server interrupted...
Apache server interrupted...
Apache server interrupted...
Apache server interrupted...
Apache server interrupted...
Apache server interrupted...
 All worker threads have exited.
[Tue Feb 15 11:52:00.338532 2022] [core:warn] [pid 10736:tid 560] AH00098: pid file D:/laragon/bin/apache/httpd-2.4.47-win64-VS16/logs/httpd.pid overwritten -- Unclean shutdown of previous Apache run?
[Tue Feb 15 11:52:03.216192 2022] [mpm_winnt:notice] [pid 10736:tid 560] AH00455: Apache/2.4.47 (Win64) OpenSSL/1.1.1k PHP/7.4.19 configured -- resuming normal operations
[Tue Feb 15 11:52:03.216192 2022] [mpm_winnt:notice] [pid 10736:tid 560] AH00456: Apache Lounge VS16 Server built: Apr 24 2021 11:08:47
[Tue Feb 15 11:52:03.216192 2022] [core:notice] [pid 10736:tid 560] AH00094: Command line: 'D:\\laragon\\bin\\apache\\httpd-2.4.47-win64-VS16\\bin\\httpd -d D:/laragon/bin/apache/httpd-2.4.47-win64-VS16'
[Tue Feb 15 11:52:03.222187 2022] [mpm_winnt:notice] [pid 10736:tid 560] AH00418: Parent: Created child process 4556
Apache server interrupted...
022] [mpm_winnt:notice] [pid 4556:tid 628] AH00354: Child: Starting 64 worker threads.
[Tue Feb 15 12:29:29.944911 2022] [mpm_winnt:notice] [pid 10736:tid 560] AH00422: Parent: Received shutdown signal -- Shutting down the server.
[Tue Feb 15 12:29:31.971369 2022] [mpm_winnt:notice] [pid 4556:tid 628] AH00364: Child: All worker threads have exited.
[Tue Feb 15 12:29:35.164457 2022] [core:warn] [pid 7896:tid 548] AH00098: pid file D:/laragon/bin/apache/httpd-2.4.47-win64-VS16/logs/httpd.pid overwritten -- Unclean shutdown of previous Apache run?
[Tue Feb 15 12:29:35.222422 2022] [mpm_winnt:notice] [pid 7896:tid 548] AH00455: Apache/2.4.47 (Win64) OpenSSL/1.1.1k PHP/7.4.19 configured -- resuming normal operations
[Tue Feb 15 12:29:35.222422 2022] [mpm_winnt:notice] [pid 7896:tid 548] AH00456: Apache Lounge VS16 Server built: Apr 24 2021 11:08:47
[Tue Feb 15 12:29:35.222422 2022] [core:notice] [pid 7896:tid 548] AH00094: Command line: 'D:\\laragon\\bin\\apache\\httpd-2.4.47-win64-VS16\\bin\\httpd -d D:/laragon/bin/apache/httpd-2.4.47-win64-VS16'
[Tue Feb 15 12:29:35.225420 2022] [mpm_winnt:notice] [pid 7896:tid 548] AH00418: Parent: Created child process 3064
Apache server interrupted...
022] [mpm_winnt:notice] [pid 3064:tid 632] AH00354: Child: Starting 64 worker threads.
[Tue Feb 15 13:04:37.235597 2022] [mpm_winnt:notice] [pid 7896:tid 548] AH00422: Parent: Received shutdown signal -- Shutting down the server.
[Tue Feb 15 13:04:39.256956 2022] [mpm_winnt:notice] [pid 3064:tid 632] AH00364: Child: All worker threads have exited.
[Tue Feb 15 13:07:09.939674 2022] [core:warn] [pid 15892:tid 552] AH00098: pid file D:/laragon/bin/apache/httpd-2.4.47-win64-VS16/logs/httpd.pid overwritten -- Unclean shutdown of previous Apache run?
[Tue Feb 15 13:07:09.964659 2022] [mpm_winnt:notice] [pid 15892:tid 552] AH00455: Apache/2.4.47 (Win64) OpenSSL/1.1.1k PHP/7.4.19 configured -- resuming normal operations
[Tue Feb 15 13:07:09.964659 2022] [mpm_winnt:notice] [pid 15892:tid 552] AH00456: Apache Lounge VS16 Server built: Apr 24 2021 11:08:47
[Tue Feb 15 13:07:09.964659 2022] [core:notice] [pid 15892:tid 552] AH00094: Command line: 'D:\\laragon\\bin\\apache\\httpd-2.4.47-win64-VS16\\bin\\httpd -d D:/laragon/bin/apache/httpd-2.4.47-win64-VS16'
[Tue Feb 15 13:07:09.968661 2022] [mpm_winnt:notice] [pid 15892:tid 552] AH00418: Parent: Created child process 3632
Apache server interrupted...
022] [mpm_winnt:notice] [pid 3632:tid 620] AH00354: Child: Starting 64 worker threads.
[Tue Feb 15 13:21:02.790326 2022] [mpm_winnt:notice] [pid 15892:tid 552] AH00422: Parent: Received shutdown signal -- Shutting down the server.
[Tue Feb 15 13:21:04.805902 2022] [mpm_winnt:notice] [pid 3632:tid 620] AH00364: Child: All worker threads have exited.
[Tue Feb 15 16:45:10.574064 2022] [core:warn] [pid 16312:tid 556] AH00098: pid file D:/laragon/bin/apache/httpd-2.4.47-win64-VS16/logs/httpd.pid overwritten -- Unclean shutdown of previous Apache run?
[Tue Feb 15 16:45:13.617936 2022] [mpm_winnt:notice] [pid 16312:tid 556] AH00455: Apache/2.4.47 (Win64) OpenSSL/1.1.1k PHP/7.4.19 configured -- resuming normal operations
[Tue Feb 15 16:45:13.617936 2022] [mpm_winnt:notice] [pid 16312:tid 556] AH00456: Apache Lounge VS16 Server built: Apr 24 2021 11:08:47
[Tue Feb 15 16:45:13.617936 2022] [core:notice] [pid 16312:tid 556] AH00094: Command line: 'D:\\laragon\\bin\\apache\\httpd-2.4.47-win64-VS16\\bin\\httpd -d D:/laragon/bin/apache/httpd-2.4.47-win64-VS16'
[Tue Feb 15 16:45:13.620934 2022] [mpm_winnt:notice] [pid 16312:tid 556] AH00418: Parent: Created child process 11676
Apache server interrupted...
022] [mpm_winnt:notice] [pid 11676:tid 624] AH00354: Child: Starting 64 worker threads.
[Tue Feb 15 18:32:22.539718 2022] [mpm_winnt:notice] [pid 16312:tid 556] AH00422: Parent: Received shutdown signal -- Shutting down the server.
[Tue Feb 15 18:32:24.570907 2022] [mpm_winnt:notice] [pid 11676:tid 624] AH00364: Child: All worker threads have exited.
[Thu Feb 17 12:27:09.853313 2022] [core:warn] [pid 12872:tid 552] AH00098: pid file D:/laragon/bin/apache/httpd-2.4.47-win64-VS16/logs/httpd.pid overwritten -- Unclean shutdown of previous Apache run?
[Thu Feb 17 12:27:11.543450 2022] [mpm_winnt:notice] [pid 12872:tid 552] AH00455: Apache/2.4.47 (Win64) OpenSSL/1.1.1k PHP/7.4.19 configured -- resuming normal operations
[Thu Feb 17 12:27:11.543450 2022] [mpm_winnt:notice] [pid 12872:tid 552] AH00456: Apache Lounge VS16 Server built: Apr 24 2021 11:08:47
[Thu Feb 17 12:27:11.543450 2022] [core:notice] [pid 12872:tid 552] AH00094: Command line: 'D:\\laragon\\bin\\apache\\httpd-2.4.47-win64-VS16\\bin\\httpd -d D:/laragon/bin/apache/httpd-2.4.47-win64-VS16'
[Thu Feb 17 12:27:11.545478 2022] [mpm_winnt:notice] [pid 12872:tid 552] AH00418: Parent: Created child process 8792
[Thu Feb 17 12:27:11.918757 2022] [mpm_winnt:notice] [pid 8792:tid 616] AH00354: Child: Starting 64 worker threads.
[Fri Feb 18 12:14:09.961815 2022] [core:warn] [pid 10308:tid 536] AH00098: pid file D:/laragon/bin/apache/httpd-2.4.47-win64-VS16/logs/httpd.pid overwritten -- Unclean shutdown of previous Apache run?
[Fri Feb 18 12:14:11.649301 2022] [mpm_winnt:notice] [pid 10308:tid 536] AH00455: Apache/2.4.47 (Win64) OpenSSL/1.1.1k PHP/7.4.19 configured -- resuming normal operations
[Fri Feb 18 12:14:11.649301 2022] [mpm_winnt:notice] [pid 10308:tid 536] AH00456: Apache Lounge VS16 Server built: Apr 24 2021 11:08:47
[Fri Feb 18 12:14:11.649301 2022] [core:notice] [pid 10308:tid 536] AH00094: Command line: 'D:\\laragon\\bin\\apache\\httpd-2.4.47-win64-VS16\\bin\\httpd -d D:/laragon/bin/apache/httpd-2.4.47-win64-VS16'
[Fri Feb 18 12:14:11.649301 2022] [mpm_winnt:notice] [pid 10308:tid 536] AH00418: Parent: Created child process 8552
Apache server interrupted...
022] [mpm_winnt:notice] [pid 8552:tid 644] AH00354: Child: Starting 64 worker threads.
[Fri Feb 18 12:17:50.041369 2022] [mpm_winnt:notice] [pid 10308:tid 536] AH00422: Parent: Received shutdown signal -- Shutting down the server.
[Fri Feb 18 12:17:52.061185 2022] [mpm_winnt:notice] [pid 8552:tid 644] AH00364: Child: All worker threads have exited.
[Fri Feb 18 12:17:53.706978 2022] [core:warn] [pid 8492:tid 516] AH00098: pid file D:/laragon/bin/apache/httpd-2.4.47-win64-VS16/logs/httpd.pid overwritten -- Unclean shutdown of previous Apache run?
[Fri Feb 18 12:17:53.847675 2022] [mpm_winnt:notice] [pid 8492:tid 516] AH00455: Apache/2.4.47 (Win64) OpenSSL/1.1.1k PHP/7.4.19 configured -- resuming normal operations
[Fri Feb 18 12:17:53.847675 2022] [mpm_winnt:notice] [pid 8492:tid 516] AH00456: Apache Lounge VS16 Server built: Apr 24 2021 11:08:47
[Fri Feb 18 12:17:53.847675 2022] [core:notice] [pid 8492:tid 516] AH00094: Command line: 'D:\\laragon\\bin\\apache\\httpd-2.4.47-win64-VS16\\bin\\httpd -d D:/laragon/bin/apache/httpd-2.4.47-win64-VS16'
[Fri Feb 18 12:17:53.847675 2022] [mpm_winnt:notice] [pid 8492:tid 516] AH00418: Parent: Created child process 5332
[Fri Feb 18 12:17:54.195886 2022] [mpm_winnt:notice] [pid 5332:tid 620] AH00354: Child: Starting 64 worker threads.
[Fri Feb 18 14:08:44.114053 2022] [mpm_winnt:crit] [pid 5332:tid 620] AH02538: Child: Parent process exited abruptly. Child process is ending
[Wed Feb 23 10:28:10.054056 2022] [core:warn] [pid 5744:tid 532] AH00098: pid file D:/laragon/bin/apache/httpd-2.4.47-win64-VS16/logs/httpd.pid overwritten -- Unclean shutdown of previous Apache run?
[Wed Feb 23 10:28:12.056743 2022] [mpm_winnt:notice] [pid 5744:tid 532] AH00455: Apache/2.4.47 (Win64) OpenSSL/1.1.1k PHP/7.4.19 configured -- resuming normal operations
[Wed Feb 23 10:28:12.056743 2022] [mpm_winnt:notice] [pid 5744:tid 532] AH00456: Apache Lounge VS16 Server built: Apr 24 2021 11:08:47
[Wed Feb 23 10:28:12.056743 2022] [core:notice] [pid 5744:tid 532] AH00094: Command line: 'D:\\laragon\\bin\\apache\\httpd-2.4.47-win64-VS16\\bin\\httpd -d D:/laragon/bin/apache/httpd-2.4.47-win64-VS16'
[Wed Feb 23 10:28:12.058800 2022] [mpm_winnt:notice] [pid 5744:tid 532] AH00418: Parent: Created child process 15700
Apache server interrupted...
022] [mpm_winnt:notice] [pid 15700:tid 624] AH00354: Child: Starting 64 worker threads.
[Wed Feb 23 13:20:25.129928 2022] [mpm_winnt:notice] [pid 5744:tid 532] AH00422: Parent: Received shutdown signal -- Shutting down the server.
[Wed Feb 23 13:20:27.157404 2022] [mpm_winnt:notice] [pid 15700:tid 624] AH00364: Child: All worker threads have exited.
[Thu Feb 24 12:24:55.051859 2022] [core:warn] [pid 10384:tid 532] AH00098: pid file D:/laragon/bin/apache/httpd-2.4.47-win64-VS16/logs/httpd.pid overwritten -- Unclean shutdown of previous Apache run?
[Thu Feb 24 12:24:56.957841 2022] [mpm_winnt:notice] [pid 10384:tid 532] AH00455: Apache/2.4.47 (Win64) OpenSSL/1.1.1k PHP/7.4.19 configured -- resuming normal operations
[Thu Feb 24 12:24:56.957841 2022] [mpm_winnt:notice] [pid 10384:tid 532] AH00456: Apache Lounge VS16 Server built: Apr 24 2021 11:08:47
[Thu Feb 24 12:24:56.957841 2022] [core:notice] [pid 10384:tid 532] AH00094: Command line: 'D:\\laragon\\bin\\apache\\httpd-2.4.47-win64-VS16\\bin\\httpd -d D:/laragon/bin/apache/httpd-2.4.47-win64-VS16'
[Thu Feb 24 12:24:56.973427 2022] [mpm_winnt:notice] [pid 10384:tid 532] AH00418: Parent: Created child process 8888
Apache server interrupted...
022] [mpm_winnt:notice] [pid 8888:tid 624] AH00354: Child: Starting 64 worker threads.
[Thu Feb 24 12:58:26.139364 2022] [mpm_winnt:notice] [pid 10384:tid 532] AH00422: Parent: Received shutdown signal -- Shutting down the server.
[Thu Feb 24 12:58:28.170147 2022] [mpm_winnt:notice] [pid 8888:tid 624] AH00364: Child: All worker threads have exited.
[Mon Feb 28 13:20:05.970054 2022] [core:warn] [pid 5824:tid 480] AH00098: pid file D:/laragon/bin/apache/httpd-2.4.47-win64-VS16/logs/httpd.pid overwritten -- Unclean shutdown of previous Apache run?
[Mon Feb 28 13:20:08.870158 2022] [mpm_winnt:notice] [pid 5824:tid 480] AH00455: Apache/2.4.47 (Win64) OpenSSL/1.1.1k PHP/7.4.19 configured -- resuming normal operations
[Mon Feb 28 13:20:08.870158 2022] [mpm_winnt:notice] [pid 5824:tid 480] AH00456: Apache Lounge VS16 Server built: Apr 24 2021 11:08:47
[Mon Feb 28 13:20:08.870158 2022] [core:notice] [pid 5824:tid 480] AH00094: Command line: 'D:\\laragon\\bin\\apache\\httpd-2.4.47-win64-VS16\\bin\\httpd -d D:/laragon/bin/apache/httpd-2.4.47-win64-VS16'
[Mon Feb 28 13:20:08.877152 2022] [mpm_winnt:notice] [pid 5824:tid 480] AH00418: Parent: Created child process 15380
[Mon Feb 28 13:20:09.391312 2022] [mpm_winnt:notice] [pid 15380:tid 624] AH00354: Child: Starting 64 worker threads.
[Mon Feb 28 13:21:05.608460 2022] [mpm_winnt:crit] [pid 15380:tid 624] AH02538: Child: Parent process exited abruptly. Child process is ending
[Mon Feb 28 13:21:07.632575 2022] [mpm_winnt:notice] [pid 15380:tid 624] AH00364: Child: All worker threads have exited.
[Mon Feb 28 13:21:09.983398 2022] [core:warn] [pid 12916:tid 544] AH00098: pid file D:/laragon/bin/apache/httpd-2.4.47-win64-VS16/logs/httpd.pid overwritten -- Unclean shutdown of previous Apache run?
[Mon Feb 28 13:21:10.019742 2022] [mpm_winnt:notice] [pid 12916:tid 544] AH00455: Apache/2.4.47 (Win64) OpenSSL/1.1.1k PHP/7.4.19 configured -- resuming normal operations
[Mon Feb 28 13:21:10.019742 2022] [mpm_winnt:notice] [pid 12916:tid 544] AH00456: Apache Lounge VS16 Server built: Apr 24 2021 11:08:47
[Mon Feb 28 13:21:10.019742 2022] [core:notice] [pid 12916:tid 544] AH00094: Command line: 'D:\\laragon\\bin\\apache\\httpd-2.4.47-win64-VS16\\bin\\httpd -d D:/laragon/bin/apache/httpd-2.4.47-win64-VS16'
[Mon Feb 28 13:21:10.022741 2022] [mpm_winnt:notice] [pid 12916:tid 544] AH00418: Parent: Created child process 16096
Apache server interrupted...
022] [mpm_winnt:notice] [pid 16096:tid 572] AH00354: Child: Starting 64 worker threads.
[Mon Feb 28 19:34:05.968289 2022] [mpm_winnt:notice] [pid 12916:tid 544] AH00422: Parent: Received shutdown signal -- Shutting down the server.
[Mon Feb 28 19:34:07.999528 2022] [mpm_winnt:notice] [pid 16096:tid 572] AH00364: Child: All worker threads have exited.
[Tue Mar 01 11:38:11.825585 2022] [core:warn] [pid 7480:tid 512] AH00098: pid file D:/laragon/bin/apache/httpd-2.4.47-win64-VS16/logs/httpd.pid overwritten -- Unclean shutdown of previous Apache run?
[Tue Mar 01 11:38:14.314113 2022] [mpm_winnt:notice] [pid 7480:tid 512] AH00455: Apache/2.4.47 (Win64) OpenSSL/1.1.1k PHP/7.4.19 configured -- resuming normal operations
[Tue Mar 01 11:38:14.314113 2022] [mpm_winnt:notice] [pid 7480:tid 512] AH00456: Apache Lounge VS16 Server built: Apr 24 2021 11:08:47
[Tue Mar 01 11:38:14.314113 2022] [core:notice] [pid 7480:tid 512] AH00094: Command line: 'D:\\laragon\\bin\\apache\\httpd-2.4.47-win64-VS16\\bin\\httpd -d D:/laragon/bin/apache/httpd-2.4.47-win64-VS16'
[Tue Mar 01 11:38:14.317111 2022] [mpm_winnt:notice] [pid 7480:tid 512] AH00418: Parent: Created child process 5804
Apache server interrupted...
022] [mpm_winnt:notice] [pid 5804:tid 532] AH00354: Child: Starting 64 worker threads.
[Tue Mar 01 11:39:13.279968 2022] [mpm_winnt:notice] [pid 7480:tid 512] AH00422: Parent: Received shutdown signal -- Shutting down the server.
[Tue Mar 01 11:39:16.765014 2022] [core:warn] [pid 8492:tid 540] AH00098: pid file D:/laragon/bin/apache/httpd-2.4.47-win64-VS16/logs/httpd.pid overwritten -- Unclean shutdown of previous Apache run?
[Tue Mar 01 11:39:16.916986 2022] [mpm_winnt:notice] [pid 8492:tid 540] AH00455: Apache/2.4.47 (Win64) OpenSSL/1.1.1k PHP/7.4.19 configured -- resuming normal operations
[Tue Mar 01 11:39:16.916986 2022] [mpm_winnt:notice] [pid 8492:tid 540] AH00456: Apache Lounge VS16 Server built: Apr 24 2021 11:08:47
[Tue Mar 01 11:39:16.916986 2022] [core:notice] [pid 8492:tid 540] AH00094: Command line: 'D:\\laragon\\bin\\apache\\httpd-2.4.47-win64-VS16\\bin\\httpd -d D:/laragon/bin/apache/httpd-2.4.47-win64-VS16'
[Tue Mar 01 11:39:16.919247 2022] [mpm_winnt:notice] [pid 8492:tid 540] AH00418: Parent: Created child process 32
[Tue Mar 01 11:39:17.392869 2022] [mpm_winnt:notice] [pid 32:tid 672] AH00354: Child: Starting 64 worker threads.
[Tue Mar 01 13:10:28.859736 2022] [mpm_winnt:crit] [pid 32:tid 672] AH02538: Child: Parent process exited abruptly. Child process is ending
[Tue Mar 01 13:10:30.891323 2022] [mpm_winnt:notice] [pid 32:tid 672] AH00364: Child: All worker threads have exited.
[Tue Mar 01 18:28:30.541966 2022] [core:warn] [pid 10036:tid 572] AH00098: pid file D:/laragon/bin/apache/httpd-2.4.47-win64-VS16/logs/httpd.pid overwritten -- Unclean shutdown of previous Apache run?
[Tue Mar 01 18:28:45.866987 2022] [mpm_winnt:notice] [pid 10036:tid 572] AH00455: Apache/2.4.47 (Win64) OpenSSL/1.1.1k PHP/7.4.19 configured -- resuming normal operations
[Tue Mar 01 18:28:45.866987 2022] [mpm_winnt:notice] [pid 10036:tid 572] AH00456: Apache Lounge VS16 Server built: Apr 24 2021 11:08:47
[Tue Mar 01 18:28:45.866987 2022] [core:notice] [pid 10036:tid 572] AH00094: Command line: 'D:\\laragon\\bin\\apache\\httpd-2.4.47-win64-VS16\\bin\\httpd -d D:/laragon/bin/apache/httpd-2.4.47-win64-VS16'
[Tue Mar 01 18:28:45.869986 2022] [mpm_winnt:notice] [pid 10036:tid 572] AH00418: Parent: Created child process 8448
Apache server restarting...
2022] [mpm_winnt:notice] [pid 8448:tid 656] AH00354: Child: Starting 64 worker threads.
[Tue Mar 01 18:28:59.339021 2022] [mpm_winnt:notice] [pid 10036:tid 572] AH00424: Parent: Received restart signal -- Restarting the server.
[Tue Mar 01 18:28:59.388992 2022] [mpm_winnt:notice] [pid 10036:tid 572] AH00455: Apache/2.4.47 (Win64) OpenSSL/1.1.1k PHP/7.4.19 configured -- resuming normal operations
[Tue Mar 01 18:28:59.388992 2022] [mpm_winnt:notice] [pid 10036:tid 572] AH00456: Apache Lounge VS16 Server built: Apr 24 2021 11:08:47
[Tue Mar 01 18:28:59.388992 2022] [core:notice] [pid 10036:tid 572] AH00094: Command line: 'D:\\laragon\\bin\\apache\\httpd-2.4.47-win64-VS16\\bin\\httpd -d D:/laragon/bin/apache/httpd-2.4.47-win64-VS16'
[Tue Mar 01 18:28:59.391989 2022] [mpm_winnt:notice] [pid 10036:tid 572] AH00418: Parent: Created child process 828
Apache server interrupted...
022] [mpm_winnt:notice] [pid 828:tid 620] AH00354: Child: Starting 64 worker threads.
[Tue Mar 01 18:29:01.353213 2022] [mpm_winnt:notice] [pid 8448:tid 656] AH00364: Child: All worker threads have exited.
[Tue Mar 01 18:29:05.483547 2022] [mpm_winnt:notice] [pid 10036:tid 572] AH00422: Parent: Received shutdown signal -- Shutting down the server.
[Tue Mar 01 18:29:07.506222 2022] [mpm_winnt:notice] [pid 828:tid 620] AH00364: Child: All worker threads have exited.
[Tue Mar 01 18:29:09.484441 2022] [core:warn] [pid 2860:tid 516] AH00098: pid file D:/laragon/bin/apache/httpd-2.4.47-win64-VS16/logs/httpd.pid overwritten -- Unclean shutdown of previous Apache run?
[Tue Mar 01 18:29:09.547401 2022] [mpm_winnt:notice] [pid 2860:tid 516] AH00455: Apache/2.4.47 (Win64) OpenSSL/1.1.1k PHP/7.4.19 configured -- resuming normal operations
[Tue Mar 01 18:29:09.547401 2022] [mpm_winnt:notice] [pid 2860:tid 516] AH00456: Apache Lounge VS16 Server built: Apr 24 2021 11:08:47
[Tue Mar 01 18:29:09.547401 2022] [core:notice] [pid 2860:tid 516] AH00094: Command line: 'D:\\laragon\\bin\\apache\\httpd-2.4.47-win64-VS16\\bin\\httpd -d D:/laragon/bin/apache/httpd-2.4.47-win64-VS16'
[Tue Mar 01 18:29:09.551399 2022] [mpm_winnt:notice] [pid 2860:tid 516] AH00418: Parent: Created child process 11540
Apache server interrupted...
022] [mpm_winnt:notice] [pid 11540:tid 620] AH00354: Child: Starting 64 worker threads.
[Tue Mar 01 19:25:52.232956 2022] [mpm_winnt:notice] [pid 2860:tid 516] AH00422: Parent: Received shutdown signal -- Shutting down the server.
[Wed Mar 02 09:58:08.641898 2022] [core:warn] [pid 3788:tid 520] AH00098: pid file D:/laragon/bin/apache/httpd-2.4.47-win64-VS16/logs/httpd.pid overwritten -- Unclean shutdown of previous Apache run?
[Wed Mar 02 09:58:10.500922 2022] [mpm_winnt:notice] [pid 3788:tid 520] AH00455: Apache/2.4.47 (Win64) OpenSSL/1.1.1k PHP/7.4.19 configured -- resuming normal operations
[Wed Mar 02 09:58:10.500922 2022] [mpm_winnt:notice] [pid 3788:tid 520] AH00456: Apache Lounge VS16 Server built: Apr 24 2021 11:08:47
[Wed Mar 02 09:58:10.500922 2022] [core:notice] [pid 3788:tid 520] AH00094: Command line: 'D:\\laragon\\bin\\apache\\httpd-2.4.47-win64-VS16\\bin\\httpd -d D:/laragon/bin/apache/httpd-2.4.47-win64-VS16'
[Wed Mar 02 09:58:10.500922 2022] [mpm_winnt:notice] [pid 3788:tid 520] AH00418: Parent: Created child process 4764
Apache server interrupted...
022] [mpm_winnt:notice] [pid 4764:tid 624] AH00354: Child: Starting 64 worker threads.
[Wed Mar 02 09:58:45.366452 2022] [mpm_winnt:notice] [pid 3788:tid 520] AH00422: Parent: Received shutdown signal -- Shutting down the server.
[Wed Mar 02 09:59:09.306293 2022] [core:warn] [pid 12564:tid 556] AH00098: pid file D:/laragon/bin/apache/httpd-2.4.47-win64-VS16/logs/httpd.pid overwritten -- Unclean shutdown of previous Apache run?
[Wed Mar 02 09:59:09.368779 2022] [mpm_winnt:notice] [pid 12564:tid 556] AH00455: Apache/2.4.47 (Win64) OpenSSL/1.1.1k PHP/7.4.19 configured -- resuming normal operations
[Wed Mar 02 09:59:09.368779 2022] [mpm_winnt:notice] [pid 12564:tid 556] AH00456: Apache Lounge VS16 Server built: Apr 24 2021 11:08:47
[Wed Mar 02 09:59:09.368779 2022] [core:notice] [pid 12564:tid 556] AH00094: Command line: 'D:\\laragon\\bin\\apache\\httpd-2.4.47-win64-VS16\\bin\\httpd -d D:/laragon/bin/apache/httpd-2.4.47-win64-VS16'
[Wed Mar 02 09:59:09.368779 2022] [mpm_winnt:notice] [pid 12564:tid 556] AH00418: Parent: Created child process 2312
Apache server restarting...
2022] [mpm_winnt:notice] [pid 2312:tid 4] AH00354: Child: Starting 64 worker threads.
[Wed Mar 02 11:23:03.338308 2022] [mpm_winnt:notice] [pid 12564:tid 556] AH00424: Parent: Received restart signal -- Restarting the server.
[Wed Mar 02 11:23:03.439894 2022] [mpm_winnt:notice] [pid 12564:tid 556] AH00455: Apache/2.4.47 (Win64) OpenSSL/1.1.1k PHP/7.4.19 configured -- resuming normal operations
[Wed Mar 02 11:23:03.439894 2022] [mpm_winnt:notice] [pid 12564:tid 556] AH00456: Apache Lounge VS16 Server built: Apr 24 2021 11:08:47
[Wed Mar 02 11:23:03.439894 2022] [core:notice] [pid 12564:tid 556] AH00094: Command line: 'D:\\laragon\\bin\\apache\\httpd-2.4.47-win64-VS16\\bin\\httpd -d D:/laragon/bin/apache/httpd-2.4.47-win64-VS16'
[Wed Mar 02 11:23:03.442857 2022] [mpm_winnt:notice] [pid 12564:tid 556] AH00418: Parent: Created child process 15152
Apache server interrupted...
022] [mpm_winnt:notice] [pid 15152:tid 632] AH00354: Child: Starting 64 worker threads.
[Wed Mar 02 11:23:05.364366 2022] [mpm_winnt:notice] [pid 2312:tid 4] AH00364: Child: All worker threads have exited.
[Wed Mar 02 13:18:34.589401 2022] [mpm_winnt:notice] [pid 12564:tid 556] AH00422: Parent: Received shutdown signal -- Shutting down the server.
[Wed Mar 02 13:18:36.620175 2022] [mpm_winnt:notice] [pid 15152:tid 632] AH00364: Child: All worker threads have exited.
[Thu Mar 03 12:51:18.367910 2022] [core:warn] [pid 11348:tid 520] AH00098: pid file D:/laragon/bin/apache/httpd-2.4.47-win64-VS16/logs/httpd.pid overwritten -- Unclean shutdown of previous Apache run?
[Thu Mar 03 12:51:21.144544 2022] [mpm_winnt:notice] [pid 11348:tid 520] AH00455: Apache/2.4.47 (Win64) OpenSSL/1.1.1k PHP/7.4.19 configured -- resuming normal operations
[Thu Mar 03 12:51:21.144544 2022] [mpm_winnt:notice] [pid 11348:tid 520] AH00456: Apache Lounge VS16 Server built: Apr 24 2021 11:08:47
[Thu Mar 03 12:51:21.144544 2022] [core:notice] [pid 11348:tid 520] AH00094: Command line: 'D:\\laragon\\bin\\apache\\httpd-2.4.47-win64-VS16\\bin\\httpd -d D:/laragon/bin/apache/httpd-2.4.47-win64-VS16'
[Thu Mar 03 12:51:21.144544 2022] [mpm_winnt:notice] [pid 11348:tid 520] AH00418: Parent: Created child process 3552
Apache server interrupted...
022] [mpm_winnt:notice] [pid 3552:tid 664] AH00354: Child: Starting 64 worker threads.
[Thu Mar 03 12:52:46.983463 2022] [mpm_winnt:notice] [pid 11348:tid 520] AH00422: Parent: Received shutdown signal -- Shutting down the server.
[Thu Mar 03 12:52:49.961495 2022] [core:warn] [pid 11100:tid 516] AH00098: pid file D:/laragon/bin/apache/httpd-2.4.47-win64-VS16/logs/httpd.pid overwritten -- Unclean shutdown of previous Apache run?
[Thu Mar 03 12:52:50.041936 2022] [mpm_winnt:notice] [pid 11100:tid 516] AH00455: Apache/2.4.47 (Win64) OpenSSL/1.1.1k PHP/7.4.19 configured -- resuming normal operations
[Thu Mar 03 12:52:50.041936 2022] [mpm_winnt:notice] [pid 11100:tid 516] AH00456: Apache Lounge VS16 Server built: Apr 24 2021 11:08:47
[Thu Mar 03 12:52:50.041936 2022] [core:notice] [pid 11100:tid 516] AH00094: Command line: 'D:\\laragon\\bin\\apache\\httpd-2.4.47-win64-VS16\\bin\\httpd -d D:/laragon/bin/apache/httpd-2.4.47-win64-VS16'
[Thu Mar 03 12:52:50.041936 2022] [mpm_winnt:notice] [pid 11100:tid 516] AH00418: Parent: Created child process 2456
[Thu Mar 03 12:52:50.405557 2022] [mpm_winnt:notice] [pid 2456:tid 632] AH00354: Child: Starting 64 worker threads.
[Thu Mar 03 14:02:48.598066 2022] [mpm_winnt:crit] [pid 2456:tid 632] AH02538: Child: Parent process exited abruptly. Child process is ending
[Fri Mar 04 12:16:31.143077 2022] [core:warn] [pid 3352:tid 492] AH00098: pid file D:/laragon/bin/apache/httpd-2.4.47-win64-VS16/logs/httpd.pid overwritten -- Unclean shutdown of previous Apache run?
[Fri Mar 04 12:16:32.346203 2022] [mpm_winnt:notice] [pid 3352:tid 492] AH00455: Apache/2.4.47 (Win64) OpenSSL/1.1.1k PHP/7.4.19 configured -- resuming normal operations
[Fri Mar 04 12:16:32.346203 2022] [mpm_winnt:notice] [pid 3352:tid 492] AH00456: Apache Lounge VS16 Server built: Apr 24 2021 11:08:47
[Fri Mar 04 12:16:32.346203 2022] [core:notice] [pid 3352:tid 492] AH00094: Command line: 'D:\\laragon\\bin\\apache\\httpd-2.4.47-win64-VS16\\bin\\httpd -d D:/laragon/bin/apache/httpd-2.4.47-win64-VS16'
[Fri Mar 04 12:16:32.346203 2022] [mpm_winnt:notice] [pid 3352:tid 492] AH00418: Parent: Created child process 9252
Apache server interrupted...
022] [mpm_winnt:notice] [pid 9252:tid 624] AH00354: Child: Starting 64 worker threads.
[Fri Mar 04 12:27:25.387464 2022] [mpm_winnt:notice] [pid 3352:tid 492] AH00422: Parent: Received shutdown signal -- Shutting down the server.
Apache server interrupted...
[Fri Mar 04 12:27:27.407836 2022] [mpm_winnt:notice] [pid 9252:tid 624] AH00364: Child: All worker threads have exited.
[Fri Mar 04 12:27:27.591732 2022] [mpm_winnt:notice] [pid 3352:tid 492] AH00430: Parent: Child process 9252 exited successfully.
[Fri Mar 04 12:29:11.507605 2022] [mpm_winnt:notice] [pid 6096:tid 592] AH00455: Apache/2.4.47 (Win64) OpenSSL/1.1.1k PHP/7.4.19 configured -- resuming normal operations
[Fri Mar 04 12:29:11.507605 2022] [mpm_winnt:notice] [pid 6096:tid 592] AH00456: Apache Lounge VS16 Server built: Apr 24 2021 11:08:47
[Fri Mar 04 12:29:11.507605 2022] [core:notice] [pid 6096:tid 592] AH00094: Command line: 'D:\\laragon\\bin\\apache\\httpd-2.4.47-win64-VS16\\bin\\httpd -d D:/laragon/bin/apache/httpd-2.4.47-win64-VS16'
[Fri Mar 04 12:29:11.507605 2022] [mpm_winnt:notice] [pid 6096:tid 592] AH00418: Parent: Created child process 6196
Apache server interrupted...
022] [mpm_winnt:notice] [pid 6196:tid 656] AH00354: Child: Starting 64 worker threads.
[Fri Mar 04 13:58:50.415652 2022] [mpm_winnt:notice] [pid 6096:tid 592] AH00422: Parent: Received shutdown signal -- Shutting down the server.
[Fri Mar 04 13:58:52.447069 2022] [mpm_winnt:notice] [pid 6196:tid 656] AH00364: Child: All worker threads have exited.
[Wed Mar 09 10:37:04.405675 2022] [core:warn] [pid 6208:tid 516] AH00098: pid file D:/laragon/bin/apache/httpd-2.4.47-win64-VS16/logs/httpd.pid overwritten -- Unclean shutdown of previous Apache run?
[Wed Mar 09 10:37:06.170827 2022] [mpm_winnt:notice] [pid 6208:tid 516] AH00455: Apache/2.4.47 (Win64) OpenSSL/1.1.1k PHP/7.4.19 configured -- resuming normal operations
[Wed Mar 09 10:37:06.170827 2022] [mpm_winnt:notice] [pid 6208:tid 516] AH00456: Apache Lounge VS16 Server built: Apr 24 2021 11:08:47
[Wed Mar 09 10:37:06.170827 2022] [core:notice] [pid 6208:tid 516] AH00094: Command line: 'D:\\laragon\\bin\\apache\\httpd-2.4.47-win64-VS16\\bin\\httpd -d D:/laragon/bin/apache/httpd-2.4.47-win64-VS16'
[Wed Mar 09 10:37:06.170827 2022] [mpm_winnt:notice] [pid 6208:tid 516] AH00418: Parent: Created child process 2556
[Wed Mar 09 10:37:06.576939 2022] [mpm_winnt:notice] [pid 2556:tid 624] AH00354: Child: Starting 64 worker threads.
[Wed Mar 09 13:56:02.622784 2022] [mpm_winnt:crit] [pid 2556:tid 624] AH02538: Child: Parent process exited abruptly. Child process is ending
[Thu Mar 10 08:36:17.324881 2022] [core:warn] [pid 12696:tid 536] AH00098: pid file D:/laragon/bin/apache/httpd-2.4.47-win64-VS16/logs/httpd.pid overwritten -- Unclean shutdown of previous Apache run?
[Thu Mar 10 08:36:20.027069 2022] [mpm_winnt:notice] [pid 12696:tid 536] AH00455: Apache/2.4.47 (Win64) OpenSSL/1.1.1k PHP/7.4.19 configured -- resuming normal operations
[Thu Mar 10 08:36:20.027069 2022] [mpm_winnt:notice] [pid 12696:tid 536] AH00456: Apache Lounge VS16 Server built: Apr 24 2021 11:08:47
[Thu Mar 10 08:36:20.027069 2022] [core:notice] [pid 12696:tid 536] AH00094: Command line: 'D:\\laragon\\bin\\apache\\httpd-2.4.47-win64-VS16\\bin\\httpd -d D:/laragon/bin/apache/httpd-2.4.47-win64-VS16'
[Thu Mar 10 08:36:20.034049 2022] [mpm_winnt:notice] [pid 12696:tid 536] AH00418: Parent: Created child process 5884
Apache server interrupted...
022] [mpm_winnt:notice] [pid 5884:tid 624] AH00354: Child: Starting 64 worker threads.
[Thu Mar 10 14:09:34.480835 2022] [mpm_winnt:notice] [pid 12696:tid 536] AH00422: Parent: Received shutdown signal -- Shutting down the server.
[Fri Mar 11 12:19:42.084583 2022] [core:warn] [pid 12936:tid 540] AH00098: pid file D:/laragon/bin/apache/httpd-2.4.47-win64-VS16/logs/httpd.pid overwritten -- Unclean shutdown of previous Apache run?
[Fri Mar 11 12:19:43.928199 2022] [mpm_winnt:notice] [pid 12936:tid 540] AH00455: Apache/2.4.47 (Win64) OpenSSL/1.1.1k PHP/7.4.19 configured -- resuming normal operations
[Fri Mar 11 12:19:43.928199 2022] [mpm_winnt:notice] [pid 12936:tid 540] AH00456: Apache Lounge VS16 Server built: Apr 24 2021 11:08:47
[Fri Mar 11 12:19:43.928199 2022] [core:notice] [pid 12936:tid 540] AH00094: Command line: 'D:\\laragon\\bin\\apache\\httpd-2.4.47-win64-VS16\\bin\\httpd -d D:/laragon/bin/apache/httpd-2.4.47-win64-VS16'
[Fri Mar 11 12:19:43.928199 2022] [mpm_winnt:notice] [pid 12936:tid 540] AH00418: Parent: Created child process 8256
[Fri Mar 11 12:19:44.318761 2022] [mpm_winnt:notice] [pid 8256:tid 628] AH00354: Child: Starting 64 worker threads.
[Fri Mar 11 12:48:52.685117 2022] [mpm_winnt:crit] [pid 8256:tid 628] AH02538: Child: Parent process exited abruptly. Child process is ending
[Fri Mar 11 12:49:24.416507 2022] [core:warn] [pid 13080:tid 532] AH00098: pid file D:/laragon/bin/apache/httpd-2.4.47-win64-VS16/logs/httpd.pid overwritten -- Unclean shutdown of previous Apache run?
[Fri Mar 11 12:49:24.432093 2022] [mpm_winnt:notice] [pid 13080:tid 532] AH00455: Apache/2.4.47 (Win64) OpenSSL/1.1.1k PHP/7.4.19 configured -- resuming normal operations
[Fri Mar 11 12:49:24.432093 2022] [mpm_winnt:notice] [pid 13080:tid 532] AH00456: Apache Lounge VS16 Server built: Apr 24 2021 11:08:47
[Fri Mar 11 12:49:24.432093 2022] [core:notice] [pid 13080:tid 532] AH00094: Command line: 'D:\\laragon\\bin\\apache\\httpd-2.4.47-win64-VS16\\bin\\httpd -d D:/laragon/bin/apache/httpd-2.4.47-win64-VS16'
[Fri Mar 11 12:49:24.432093 2022] [mpm_winnt:notice] [pid 13080:tid 532] AH00418: Parent: Created child process 11076
[Fri Mar 11 12:49:24.921640 2022] [mpm_winnt:notice] [pid 11076:tid 640] AH00354: Child: Starting 64 worker threads.
[Fri Mar 11 14:02:49.972784 2022] [mpm_winnt:crit] [pid 11076:tid 640] AH02538: Child: Parent process exited abruptly. Child process is ending
[Sat Mar 12 18:06:31.086487 2022] [core:warn] [pid 8712:tid 552] AH00098: pid file D:/laragon/bin/apache/httpd-2.4.47-win64-VS16/logs/httpd.pid overwritten -- Unclean shutdown of previous Apache run?
[Sat Mar 12 18:06:34.439658 2022] [mpm_winnt:notice] [pid 8712:tid 552] AH00455: Apache/2.4.47 (Win64) OpenSSL/1.1.1k PHP/7.4.19 configured -- resuming normal operations
[Sat Mar 12 18:06:34.440657 2022] [mpm_winnt:notice] [pid 8712:tid 552] AH00456: Apache Lounge VS16 Server built: Apr 24 2021 11:08:47
[Sat Mar 12 18:06:34.440657 2022] [core:notice] [pid 8712:tid 552] AH00094: Command line: 'D:\\laragon\\bin\\apache\\httpd-2.4.47-win64-VS16\\bin\\httpd -d D:/laragon/bin/apache/httpd-2.4.47-win64-VS16'
[Sat Mar 12 18:06:34.445654 2022] [mpm_winnt:notice] [pid 8712:tid 552] AH00418: Parent: Created child process 4588
[Sat Mar 12 18:06:34.932348 2022] [mpm_winnt:notice] [pid 4588:tid 640] AH00354: Child: Starting 64 worker threads.
[Sun Mar 13 11:50:11.955171 2022] [core:warn] [pid 10472:tid 560] AH00098: pid file D:/laragon/bin/apache/httpd-2.4.47-win64-VS16/logs/httpd.pid overwritten -- Unclean shutdown of previous Apache run?
[Sun Mar 13 11:50:14.089713 2022] [mpm_winnt:notice] [pid 10472:tid 560] AH00455: Apache/2.4.47 (Win64) OpenSSL/1.1.1k PHP/7.4.19 configured -- resuming normal operations
[Sun Mar 13 11:50:14.089713 2022] [mpm_winnt:notice] [pid 10472:tid 560] AH00456: Apache Lounge VS16 Server built: Apr 24 2021 11:08:47
[Sun Mar 13 11:50:14.090717 2022] [core:notice] [pid 10472:tid 560] AH00094: Command line: 'D:\\laragon\\bin\\apache\\httpd-2.4.47-win64-VS16\\bin\\httpd -d D:/laragon/bin/apache/httpd-2.4.47-win64-VS16'
[Sun Mar 13 11:50:14.096707 2022] [mpm_winnt:notice] [pid 10472:tid 560] AH00418: Parent: Created child process 7188
Apache server interrupted...
022] [mpm_winnt:notice] [pid 7188:tid 640] AH00354: Child: Starting 64 worker threads.
[Sun Mar 13 17:47:58.103353 2022] [mpm_winnt:notice] [pid 10472:tid 560] AH00422: Parent: Received shutdown signal -- Shutting down the server.
[Sun Mar 13 17:48:00.116400 2022] [mpm_winnt:notice] [pid 7188:tid 640] AH00364: Child: All worker threads have exited.
[Mon Mar 14 08:16:58.996628 2022] [core:warn] [pid 6076:tid 552] AH00098: pid file D:/laragon/bin/apache/httpd-2.4.47-win64-VS16/logs/httpd.pid overwritten -- Unclean shutdown of previous Apache run?
[Mon Mar 14 08:17:00.840002 2022] [mpm_winnt:notice] [pid 6076:tid 552] AH00455: Apache/2.4.47 (Win64) OpenSSL/1.1.1k PHP/7.4.19 configured -- resuming normal operations
[Mon Mar 14 08:17:00.840002 2022] [mpm_winnt:notice] [pid 6076:tid 552] AH00456: Apache Lounge VS16 Server built: Apr 24 2021 11:08:47
[Mon Mar 14 08:17:00.840002 2022] [core:notice] [pid 6076:tid 552] AH00094: Command line: 'D:\\laragon\\bin\\apache\\httpd-2.4.47-win64-VS16\\bin\\httpd -d D:/laragon/bin/apache/httpd-2.4.47-win64-VS16'
[Mon Mar 14 08:17:00.840002 2022] [mpm_winnt:notice] [pid 6076:tid 552] AH00418: Parent: Created child process 15400
Apache server interrupted...
022] [mpm_winnt:notice] [pid 15400:tid 628] AH00354: Child: Starting 64 worker threads.
[Mon Mar 14 09:03:26.012881 2022] [mpm_winnt:notice] [pid 6076:tid 552] AH00422: Parent: Received shutdown signal -- Shutting down the server.
[Mon Mar 14 09:03:28.033126 2022] [mpm_winnt:notice] [pid 15400:tid 628] AH00364: Child: All worker threads have exited.
[Mon Mar 14 13:24:28.596075 2022] [core:warn] [pid 11316:tid 544] AH00098: pid file D:/laragon/bin/apache/httpd-2.4.47-win64-VS16/logs/httpd.pid overwritten -- Unclean shutdown of previous Apache run?
[Mon Mar 14 13:24:31.189302 2022] [mpm_winnt:notice] [pid 11316:tid 544] AH00455: Apache/2.4.47 (Win64) OpenSSL/1.1.1k PHP/7.4.19 configured -- resuming normal operations
[Mon Mar 14 13:24:31.189302 2022] [mpm_winnt:notice] [pid 11316:tid 544] AH00456: Apache Lounge VS16 Server built: Apr 24 2021 11:08:47
[Mon Mar 14 13:24:31.189302 2022] [core:notice] [pid 11316:tid 544] AH00094: Command line: 'D:\\laragon\\bin\\apache\\httpd-2.4.47-win64-VS16\\bin\\httpd -d D:/laragon/bin/apache/httpd-2.4.47-win64-VS16'
[Mon Mar 14 13:24:31.204888 2022] [mpm_winnt:notice] [pid 11316:tid 544] AH00418: Parent: Created child process 2416
Apache server interrupted...
022] [mpm_winnt:notice] [pid 2416:tid 628] AH00354: Child: Starting 64 worker threads.
[Mon Mar 14 13:50:04.027182 2022] [mpm_winnt:notice] [pid 11316:tid 544] AH00422: Parent: Received shutdown signal -- Shutting down the server.
[Mon Mar 14 17:33:28.448420 2022] [core:warn] [pid 15484:tid 564] AH00098: pid file D:/laragon/bin/apache/httpd-2.4.47-win64-VS16/logs/httpd.pid overwritten -- Unclean shutdown of previous Apache run?
[Mon Mar 14 17:33:30.749355 2022] [mpm_winnt:notice] [pid 15484:tid 564] AH00455: Apache/2.4.47 (Win64) OpenSSL/1.1.1k PHP/7.4.19 configured -- resuming normal operations
[Mon Mar 14 17:33:30.749355 2022] [mpm_winnt:notice] [pid 15484:tid 564] AH00456: Apache Lounge VS16 Server built: Apr 24 2021 11:08:47
[Mon Mar 14 17:33:30.749355 2022] [core:notice] [pid 15484:tid 564] AH00094: Command line: 'D:\\laragon\\bin\\apache\\httpd-2.4.47-win64-VS16\\bin\\httpd -d D:/laragon/bin/apache/httpd-2.4.47-win64-VS16'
[Mon Mar 14 17:33:30.752353 2022] [mpm_winnt:notice] [pid 15484:tid 564] AH00418: Parent: Created child process 12044
Apache server interrupted...
022] [mpm_winnt:notice] [pid 12044:tid 628] AH00354: Child: Starting 64 worker threads.
[Mon Mar 14 20:06:57.637149 2022] [mpm_winnt:notice] [pid 15484:tid 564] AH00422: Parent: Received shutdown signal -- Shutting down the server.
[Mon Mar 14 20:06:59.674438 2022] [mpm_winnt:notice] [pid 12044:tid 628] AH00364: Child: All worker threads have exited.
[Tue Mar 15 11:16:34.285123 2022] [core:warn] [pid 17092:tid 492] AH00098: pid file D:/laragon/bin/apache/httpd-2.4.47-win64-VS16/logs/httpd.pid overwritten -- Unclean shutdown of previous Apache run?
[Tue Mar 15 11:16:35.363006 2022] [mpm_winnt:notice] [pid 17092:tid 492] AH00455: Apache/2.4.47 (Win64) OpenSSL/1.1.1k PHP/7.4.19 configured -- resuming normal operations
[Tue Mar 15 11:16:35.378627 2022] [mpm_winnt:notice] [pid 17092:tid 492] AH00456: Apache Lounge VS16 Server built: Apr 24 2021 11:08:47
[Tue Mar 15 11:16:35.378627 2022] [core:notice] [pid 17092:tid 492] AH00094: Command line: 'D:\\laragon\\bin\\apache\\httpd-2.4.47-win64-VS16\\bin\\httpd -d D:/laragon/bin/apache/httpd-2.4.47-win64-VS16'
[Tue Mar 15 11:16:35.378627 2022] [mpm_winnt:notice] [pid 17092:tid 492] AH00418: Parent: Created child process 12508
Apache server interrupted...
022] [mpm_winnt:notice] [pid 12508:tid 592] AH00354: Child: Starting 64 worker threads.
[Tue Mar 15 14:11:14.710786 2022] [mpm_winnt:crit] [pid 12508:tid 592] AH02538: Child: Parent process exited abruptly. Child process is ending
[Tue Mar 15 14:11:16.732597 2022] [mpm_winnt:notice] [pid 12508:tid 592] AH00364: Child: All worker threads have exited.
[Tue Mar 15 16:54:48.714246 2022] [core:warn] [pid 15660:tid 708] AH00098: pid file D:/laragon/bin/apache/httpd-2.4.47-win64-VS16/logs/httpd.pid overwritten -- Unclean shutdown of previous Apache run?
[Tue Mar 15 16:54:50.706433 2022] [mpm_winnt:notice] [pid 15660:tid 708] AH00455: Apache/2.4.47 (Win64) OpenSSL/1.1.1k PHP/7.4.19 configured -- resuming normal operations
[Tue Mar 15 16:54:50.706433 2022] [mpm_winnt:notice] [pid 15660:tid 708] AH00456: Apache Lounge VS16 Server built: Apr 24 2021 11:08:47
[Tue Mar 15 16:54:50.706433 2022] [core:notice] [pid 15660:tid 708] AH00094: Command line: 'D:\\laragon\\bin\\apache\\httpd-2.4.47-win64-VS16\\bin\\httpd -d D:/laragon/bin/apache/httpd-2.4.47-win64-VS16'
[Tue Mar 15 16:54:50.710431 2022] [mpm_winnt:notice] [pid 15660:tid 708] AH00418: Parent: Created child process 16288
Apache server interrupted...
022] [mpm_winnt:notice] [pid 16288:tid 700] AH00354: Child: Starting 64 worker threads.
[Tue Mar 15 19:59:06.636334 2022] [mpm_winnt:notice] [pid 15660:tid 708] AH00422: Parent: Received shutdown signal -- Shutting down the server.
[Tue Mar 15 19:59:08.655164 2022] [mpm_winnt:notice] [pid 16288:tid 700] AH00364: Child: All worker threads have exited.
[Wed Mar 16 10:27:05.900243 2022] [core:warn] [pid 15688:tid 528] AH00098: pid file D:/laragon/bin/apache/httpd-2.4.47-win64-VS16/logs/httpd.pid overwritten -- Unclean shutdown of previous Apache run?
[Wed Mar 16 10:27:07.228264 2022] [mpm_winnt:notice] [pid 15688:tid 528] AH00455: Apache/2.4.47 (Win64) OpenSSL/1.1.1k PHP/7.4.19 configured -- resuming normal operations
[Wed Mar 16 10:27:07.228264 2022] [mpm_winnt:notice] [pid 15688:tid 528] AH00456: Apache Lounge VS16 Server built: Apr 24 2021 11:08:47
[Wed Mar 16 10:27:07.228264 2022] [core:notice] [pid 15688:tid 528] AH00094: Command line: 'D:\\laragon\\bin\\apache\\httpd-2.4.47-win64-VS16\\bin\\httpd -d D:/laragon/bin/apache/httpd-2.4.47-win64-VS16'
[Wed Mar 16 10:27:07.231256 2022] [mpm_winnt:notice] [pid 15688:tid 528] AH00418: Parent: Created child process 13436
Apache server interrupted...
022] [mpm_winnt:notice] [pid 13436:tid 628] AH00354: Child: Starting 64 worker threads.
[Wed Mar 16 13:13:49.173797 2022] [mpm_winnt:notice] [pid 15688:tid 528] AH00422: Parent: Received shutdown signal -- Shutting down the server.
[Wed Mar 16 17:01:49.725991 2022] [core:warn] [pid 7020:tid 620] AH00098: pid file D:/laragon/bin/apache/httpd-2.4.47-win64-VS16/logs/httpd.pid overwritten -- Unclean shutdown of previous Apache run?
[Wed Mar 16 17:01:52.861280 2022] [mpm_winnt:notice] [pid 7020:tid 620] AH00455: Apache/2.4.47 (Win64) OpenSSL/1.1.1k PHP/7.4.19 configured -- resuming normal operations
[Wed Mar 16 17:01:52.861280 2022] [mpm_winnt:notice] [pid 7020:tid 620] AH00456: Apache Lounge VS16 Server built: Apr 24 2021 11:08:47
[Wed Mar 16 17:01:52.861280 2022] [core:notice] [pid 7020:tid 620] AH00094: Command line: 'D:\\laragon\\bin\\apache\\httpd-2.4.47-win64-VS16\\bin\\httpd -d D:/laragon/bin/apache/httpd-2.4.47-win64-VS16'
[Wed Mar 16 17:01:52.865278 2022] [mpm_winnt:notice] [pid 7020:tid 620] AH00418: Parent: Created child process 4984
Apache server interrupted...
022] [mpm_winnt:notice] [pid 4984:tid 732] AH00354: Child: Starting 64 worker threads.
[Wed Mar 16 19:14:20.659175 2022] [mpm_winnt:notice] [pid 7020:tid 620] AH00422: Parent: Received shutdown signal -- Shutting down the server.
[Wed Mar 16 19:14:22.690555 2022] [mpm_winnt:notice] [pid 4984:tid 732] AH00364: Child: All worker threads have exited.
[Thu Mar 17 08:33:15.654233 2022] [core:warn] [pid 7376:tid 520] AH00098: pid file D:/laragon/bin/apache/httpd-2.4.47-win64-VS16/logs/httpd.pid overwritten -- Unclean shutdown of previous Apache run?
[Thu Mar 17 08:33:16.780765 2022] [mpm_winnt:notice] [pid 7376:tid 520] AH00455: Apache/2.4.47 (Win64) OpenSSL/1.1.1k PHP/7.4.19 configured -- resuming normal operations
[Thu Mar 17 08:33:16.780765 2022] [mpm_winnt:notice] [pid 7376:tid 520] AH00456: Apache Lounge VS16 Server built: Apr 24 2021 11:08:47
[Thu Mar 17 08:33:16.780765 2022] [core:notice] [pid 7376:tid 520] AH00094: Command line: 'D:\\laragon\\bin\\apache\\httpd-2.4.47-win64-VS16\\bin\\httpd -d D:/laragon/bin/apache/httpd-2.4.47-win64-VS16'
[Thu Mar 17 08:33:16.782736 2022] [mpm_winnt:notice] [pid 7376:tid 520] AH00418: Parent: Created child process 8388
Apache server interrupted...
022] [mpm_winnt:notice] [pid 8388:tid 628] AH00354: Child: Starting 64 worker threads.
[Thu Mar 17 13:53:23.042811 2022] [mpm_winnt:notice] [pid 7376:tid 520] AH00422: Parent: Received shutdown signal -- Shutting down the server.
[Thu Mar 17 13:53:25.059376 2022] [mpm_winnt:notice] [pid 8388:tid 628] AH00364: Child: All worker threads have exited.
[Fri Mar 18 12:17:56.605234 2022] [core:warn] [pid 11508:tid 500] AH00098: pid file D:/laragon/bin/apache/httpd-2.4.47-win64-VS16/logs/httpd.pid overwritten -- Unclean shutdown of previous Apache run?
[Fri Mar 18 12:17:57.663914 2022] [mpm_winnt:notice] [pid 11508:tid 500] AH00455: Apache/2.4.47 (Win64) OpenSSL/1.1.1k PHP/7.4.19 configured -- resuming normal operations
[Fri Mar 18 12:17:57.663914 2022] [mpm_winnt:notice] [pid 11508:tid 500] AH00456: Apache Lounge VS16 Server built: Apr 24 2021 11:08:47
[Fri Mar 18 12:17:57.663914 2022] [core:notice] [pid 11508:tid 500] AH00094: Command line: 'D:\\laragon\\bin\\apache\\httpd-2.4.47-win64-VS16\\bin\\httpd -d D:/laragon/bin/apache/httpd-2.4.47-win64-VS16'
[Fri Mar 18 12:17:57.667902 2022] [mpm_winnt:notice] [pid 11508:tid 500] AH00418: Parent: Created child process 6040
Apache server interrupted...
022] [mpm_winnt:notice] [pid 6040:tid 628] AH00354: Child: Starting 64 worker threads.
[Fri Mar 18 12:29:21.314613 2022] [mpm_winnt:notice] [pid 11508:tid 500] AH00422: Parent: Received shutdown signal -- Shutting down the server.
[Fri Mar 18 12:29:23.338205 2022] [mpm_winnt:notice] [pid 6040:tid 628] AH00364: Child: All worker threads have exited.
[Fri Mar 18 12:31:39.458470 2022] [core:warn] [pid 3568:tid 516] AH00098: pid file D:/laragon/bin/apache/httpd-2.4.47-win64-VS16/logs/httpd.pid overwritten -- Unclean shutdown of previous Apache run?
[Fri Mar 18 12:31:39.476424 2022] [mpm_winnt:notice] [pid 3568:tid 516] AH00455: Apache/2.4.47 (Win64) OpenSSL/1.1.1k PHP/7.4.19 configured -- resuming normal operations
[Fri Mar 18 12:31:39.476424 2022] [mpm_winnt:notice] [pid 3568:tid 516] AH00456: Apache Lounge VS16 Server built: Apr 24 2021 11:08:47
[Fri Mar 18 12:31:39.476424 2022] [core:notice] [pid 3568:tid 516] AH00094: Command line: 'D:\\laragon\\bin\\apache\\httpd-2.4.47-win64-VS16\\bin\\httpd -d D:/laragon/bin/apache/httpd-2.4.47-win64-VS16'
[Fri Mar 18 12:31:39.479443 2022] [mpm_winnt:notice] [pid 3568:tid 516] AH00418: Parent: Created child process 864
Apache server interrupted...
022] [mpm_winnt:notice] [pid 864:tid 580] AH00354: Child: Starting 64 worker threads.
[Fri Mar 18 13:56:04.245919 2022] [mpm_winnt:notice] [pid 3568:tid 516] AH00422: Parent: Received shutdown signal -- Shutting down the server.
[Fri Mar 18 13:56:06.253270 2022] [mpm_winnt:notice] [pid 864:tid 580] AH00364: Child: All worker threads have exited.
[Sat Mar 19 06:57:14.673158 2022] [core:warn] [pid 6332:tid 480] AH00098: pid file D:/laragon/bin/apache/httpd-2.4.47-win64-VS16/logs/httpd.pid overwritten -- Unclean shutdown of previous Apache run?
[Sat Mar 19 06:57:16.892224 2022] [mpm_winnt:notice] [pid 6332:tid 480] AH00455: Apache/2.4.47 (Win64) OpenSSL/1.1.1k PHP/7.4.19 configured -- resuming normal operations
[Sat Mar 19 06:57:16.892224 2022] [mpm_winnt:notice] [pid 6332:tid 480] AH00456: Apache Lounge VS16 Server built: Apr 24 2021 11:08:47
[Sat Mar 19 06:57:16.892224 2022] [core:notice] [pid 6332:tid 480] AH00094: Command line: 'D:\\laragon\\bin\\apache\\httpd-2.4.47-win64-VS16\\bin\\httpd -d D:/laragon/bin/apache/httpd-2.4.47-win64-VS16'
[Sat Mar 19 06:57:16.892224 2022] [mpm_winnt:notice] [pid 6332:tid 480] AH00418: Parent: Created child process 6372
[Sat Mar 19 06:57:17.376571 2022] [mpm_winnt:notice] [pid 6372:tid 628] AH00354: Child: Starting 64 worker threads.
[Sat Mar 19 08:15:29.217365 2022] [mpm_winnt:crit] [pid 6372:tid 628] AH02538: Child: Parent process exited abruptly. Child process is ending
[Sat Mar 19 08:34:41.735916 2022] [core:warn] [pid 12072:tid 608] AH00098: pid file D:/laragon/bin/apache/httpd-2.4.47-win64-VS16/logs/httpd.pid overwritten -- Unclean shutdown of previous Apache run?
[Sat Mar 19 08:34:43.829593 2022] [mpm_winnt:notice] [pid 12072:tid 608] AH00455: Apache/2.4.47 (Win64) OpenSSL/1.1.1k PHP/7.4.19 configured -- resuming normal operations
[Sat Mar 19 08:34:43.829593 2022] [mpm_winnt:notice] [pid 12072:tid 608] AH00456: Apache Lounge VS16 Server built: Apr 24 2021 11:08:47
[Sat Mar 19 08:34:43.829593 2022] [core:notice] [pid 12072:tid 608] AH00094: Command line: 'D:\\laragon\\bin\\apache\\httpd-2.4.47-win64-VS16\\bin\\httpd -d D:/laragon/bin/apache/httpd-2.4.47-win64-VS16'
[Sat Mar 19 08:34:43.845211 2022] [mpm_winnt:notice] [pid 12072:tid 608] AH00418: Parent: Created child process 15380
Apache server interrupted...
022] [mpm_winnt:notice] [pid 15380:tid 680] AH00354: Child: Starting 64 worker threads.
[Sat Mar 19 08:39:02.977491 2022] [mpm_winnt:notice] [pid 12072:tid 608] AH00422: Parent: Received shutdown signal -- Shutting down the server.
[Sat Mar 19 08:39:05.008829 2022] [mpm_winnt:notice] [pid 15380:tid 680] AH00364: Child: All worker threads have exited.
[Sun Mar 20 11:32:25.336944 2022] [core:warn] [pid 7484:tid 620] AH00098: pid file D:/laragon/bin/apache/httpd-2.4.47-win64-VS16/logs/httpd.pid overwritten -- Unclean shutdown of previous Apache run?
[Sun Mar 20 11:32:27.336873 2022] [mpm_winnt:notice] [pid 7484:tid 620] AH00455: Apache/2.4.47 (Win64) OpenSSL/1.1.1k PHP/7.4.19 configured -- resuming normal operations
[Sun Mar 20 11:32:27.336873 2022] [mpm_winnt:notice] [pid 7484:tid 620] AH00456: Apache Lounge VS16 Server built: Apr 24 2021 11:08:47
[Sun Mar 20 11:32:27.336873 2022] [core:notice] [pid 7484:tid 620] AH00094: Command line: 'D:\\laragon\\bin\\apache\\httpd-2.4.47-win64-VS16\\bin\\httpd -d D:/laragon/bin/apache/httpd-2.4.47-win64-VS16'
[Sun Mar 20 11:32:27.336873 2022] [mpm_winnt:notice] [pid 7484:tid 620] AH00418: Parent: Created child process 11156
Apache server interrupted...
022] [mpm_winnt:notice] [pid 11156:tid 628] AH00354: Child: Starting 64 worker threads.
[Sun Mar 20 12:13:28.663418 2022] [mpm_winnt:notice] [pid 7484:tid 620] AH00422: Parent: Received shutdown signal -- Shutting down the server.
Apache server interrupted...
[Sun Mar 20 12:14:54.163350 2022] [core:warn] [pid 11592:tid 628] AH00098: pid file D:/laragon/bin/apache/httpd-2.4.47-win64-VS16/logs/httpd.pid overwritten -- Unclean shutdown of previous Apache run?
[Sun Mar 20 12:14:55.674497 2022] [mpm_winnt:notice] [pid 11592:tid 628] AH00455: Apache/2.4.47 (Win64) OpenSSL/1.1.1k PHP/7.4.19 configured -- resuming normal operations
[Sun Mar 20 12:14:55.674497 2022] [mpm_winnt:notice] [pid 11592:tid 628] AH00456: Apache Lounge VS16 Server built: Apr 24 2021 11:08:47
[Sun Mar 20 12:14:55.674497 2022] [core:notice] [pid 11592:tid 628] AH00094: Command line: 'D:\\laragon\\bin\\apache\\httpd-2.4.47-win64-VS16\\bin\\httpd -d D:/laragon/bin/apache/httpd-2.4.47-win64-VS16'
[Sun Mar 20 12:14:55.680498 2022] [mpm_winnt:notice] [pid 11592:tid 628] AH00418: Parent: Created child process 1296
