2022-01-26 08:22:34: Skip creating auto virtual host for "proyecto(php1)" because the name is invalid.
2022-01-26 10:26:16: Skip creating auto virtual host for "proyecto(php1)" because the name is invalid.
2022-01-27 16:41:34: Skip creating auto virtual host for "proyecto(1)" because the name is invalid.
2022-01-27 16:43:16: Skip creating auto virtual host for "proyecto(1)" because the name is invalid.
2022-02-15 16:44:58: There is an exception: Cannot open file "D:\laragon\usr\Procfile". El proceso no tiene acceso al archivo porque está siendo utilizado por otro proceso
2022-02-15 16:44:59: There is an exception: Cannot open file "D:\laragon\usr\Procfile". El proceso no tiene acceso al archivo porque está siendo utilizado por otro proceso
2022-02-15 16:44:59: There is an exception: Cannot open file "D:\laragon\usr\Procfile". El proceso no tiene acceso al archivo porque está siendo utilizado por otro proceso
2022-04-02 10:42:46: Skip creating auto virtual host for "Acceso a datos" because the name is invalid.
2022-04-02 10:44:04: Skip creating auto virtual host for "Acceso a datos" because the name is invalid.
2022-04-02 16:27:13: Skip creating auto virtual host for "Acceso a datos" because the name is invalid.
2022-04-03 11:46:44: Skip creating auto virtual host for "Acceso a datos" because the name is invalid.
2022-04-03 17:27:41: Skip creating auto virtual host for "Acceso a datos" because the name is invalid.
2022-04-03 18:15:05: Skip creating auto virtual host for "Acceso a datos" because the name is invalid.
2022-04-03 18:15:09: Skip creating auto virtual host for "Acceso a datos" because the name is invalid.
2022-04-03 18:15:10: Skip creating auto virtual host for "Acceso a datos" because the name is invalid.
2022-04-04 08:13:23: Skip creating auto virtual host for "Acceso a datos" because the name is invalid.
2022-04-04 08:13:24: Skip creating auto virtual host for "Acceso a datos" because the name is invalid.
2022-04-04 10:51:07: Skip creating auto virtual host for "Acceso a datos" because the name is invalid.
2022-04-04 10:53:16: Skip creating auto virtual host for "Acceso a datos" because the name is invalid.
2022-04-19 09:32:21: Skip creating auto virtual host for "Acceso a datos" because the name is invalid.
2022-04-19 09:41:54: Skip creating auto virtual host for "Acceso a datos" because the name is invalid.
2022-04-19 09:47:19: Skip creating auto virtual host for "Acceso a datos" because the name is invalid.
2022-04-19 15:06:31: Skip creating auto virtual host for "Acceso a datos" because the name is invalid.
2022-04-19 15:25:56: Skip creating auto virtual host for "Acceso a datos" because the name is invalid.
2022-04-19 16:09:30: Skip creating auto virtual host for "Acceso a datos" because the name is invalid.
2022-05-09 18:08:46: Skip creating auto virtual host for "Acceso a datos" because the name is invalid.
2022-05-10 13:48:01: Skip creating auto virtual host for "Acceso a datos" because the name is invalid.
2022-05-10 16:58:23: Skip creating auto virtual host for "Acceso a datos" because the name is invalid.
2022-05-10 17:26:10: Skip creating auto virtual host for "Acceso a datos" because the name is invalid.
2022-05-11 09:00:24: Skip creating auto virtual host for "Acceso a datos" because the name is invalid.
2022-05-11 18:18:02: Skip creating auto virtual host for "Acceso a datos" because the name is invalid.
2022-05-13 17:25:46: Skip creating auto virtual host for "Acceso a datos" because the name is invalid.
2022-05-14 17:20:05: Skip creating auto virtual host for "Acceso a datos" because the name is invalid.
2022-05-15 18:00:14: Skip creating auto virtual host for "Acceso a datos" because the name is invalid.
2022-05-16 17:30:06: Skip creating auto virtual host for "Acceso a datos" because the name is invalid.
2022-05-18 18:02:15: Skip creating auto virtual host for "Acceso a datos" because the name is invalid.
2022-05-20 17:13:00: Skip creating auto virtual host for "Acceso a datos" because the name is invalid.
2022-05-21 17:12:22: Skip creating auto virtual host for "Acceso a datos" because the name is invalid.
2022-05-23 08:08:55: Skip creating auto virtual host for "Acceso a datos" because the name is invalid.
2022-05-23 18:14:17: Skip creating auto virtual host for "Acceso a datos" because the name is invalid.
2022-05-23 18:14:18: Skip creating auto virtual host for "Acceso a datos" because the name is invalid.
2022-05-23 18:45:44: Skip creating auto virtual host for "Acceso a datos" because the name is invalid.
2022-05-23 18:47:23: Skip creating auto virtual host for "Acceso a datos" because the name is invalid.
2022-05-23 18:47:24: Skip creating auto virtual host for "Acceso a datos" because the name is invalid.
2022-05-23 19:34:55: Skip creating auto virtual host for "Acceso a datos" because the name is invalid.
2022-05-23 20:37:49: Skip creating auto virtual host for "Acceso a datos" because the name is invalid.
2022-05-23 20:38:35: Skip creating auto virtual host for "Acceso a datos" because the name is invalid.
2022-05-24 07:30:36: Skip creating auto virtual host for "Acceso a datos" because the name is invalid.
2022-05-24 17:25:43: Skip creating auto virtual host for "Acceso a datos" because the name is invalid.
2022-05-26 16:22:09: Skip creating auto virtual host for "Acceso a datos" because the name is invalid.
2022-05-26 16:53:07: Skip creating auto virtual host for "Acceso a datos" because the name is invalid.
2022-05-26 17:57:00: Skip creating auto virtual host for "Acceso a datos" because the name is invalid.
2022-05-26 17:59:59: Skip creating auto virtual host for "Acceso a datos" because the name is invalid.
2022-05-27 09:21:15: Skip creating auto virtual host for "Acceso a datos" because the name is invalid.
2022-05-27 14:49:29: Skip creating auto virtual host for "Acceso a datos" because the name is invalid.
2022-05-28 17:15:27: Skip creating auto virtual host for "Acceso a datos" because the name is invalid.
2022-05-28 19:02:57: Skip creating auto virtual host for "Acceso a datos" because the name is invalid.
2022-05-29 10:49:47: Skip creating auto virtual host for "Acceso a datos" because the name is invalid.
2022-05-29 14:49:43: Skip creating auto virtual host for "Acceso a datos" because the name is invalid.
2022-05-29 14:52:30: Skip creating auto virtual host for "Acceso a datos" because the name is invalid.
2022-05-29 14:57:25: Skip creating auto virtual host for "Acceso a datos" because the name is invalid.
2022-05-30 08:04:23: Skip creating auto virtual host for "Acceso a datos" because the name is invalid.
2022-05-30 17:43:08: Skip creating auto virtual host for "Acceso a datos" because the name is invalid.
2022-05-30 17:46:14: Skip creating auto virtual host for "Acceso a datos" because the name is invalid.
2022-05-31 08:58:46: Skip creating auto virtual host for "Acceso a datos" because the name is invalid.
2022-06-01 17:00:53: Skip creating auto virtual host for "Acceso a datos" because the name is invalid.
2022-06-02 08:27:25: Skip creating auto virtual host for "Acceso a datos" because the name is invalid.
2022-06-02 08:52:46: Skip creating auto virtual host for "Acceso a datos" because the name is invalid.
2022-06-02 17:30:44: Skip creating auto virtual host for "Acceso a datos" because the name is invalid.
2022-06-02 17:32:33: Graceful shutdown failed!!! Did you change the root's password? - trying to force it shutdown...
ERROR: 
2022-06-02 17:32:42: Skip creating auto virtual host for "Acceso a datos" because the name is invalid.
2022-06-03 11:30:39: Skip creating auto virtual host for "Acceso a datos" because the name is invalid.
2022-06-03 11:31:59: Graceful shutdown failed!!! Did you change the root's password? - trying to force it shutdown...
ERROR: 
2022-06-03 11:32:21: Skip creating auto virtual host for "Acceso a datos" because the name is invalid.
2022-06-04 16:50:31: Skip creating auto virtual host for "Acceso a datos" because the name is invalid.
2022-06-04 18:45:50: Skip creating auto virtual host for "Acceso a datos" because the name is invalid.
2022-06-05 18:00:12: Skip creating auto virtual host for "Acceso a datos" because the name is invalid.
2022-06-05 20:47:02: Skip creating auto virtual host for "Acceso a datos" because the name is invalid.
2022-06-06 08:38:58: Skip creating auto virtual host for "Acceso a datos" because the name is invalid.
2022-06-06 11:02:23: Skip creating auto virtual host for "Acceso a datos" because the name is invalid.
2022-06-06 12:33:15: Skip creating auto virtual host for "Acceso a datos" because the name is invalid.
2022-06-06 14:57:09: Skip creating auto virtual host for "Acceso a datos" because the name is invalid.
2022-06-07 18:02:19: Skip creating auto virtual host for "Acceso a datos" because the name is invalid.
2022-06-10 08:17:40: Skip creating auto virtual host for "Acceso a datos" because the name is invalid.
2022-06-10 17:26:12: Skip creating auto virtual host for "Acceso a datos" because the name is invalid.
2022-06-10 17:30:41: Skip creating auto virtual host for "Acceso a datos" because the name is invalid.
2022-06-11 17:17:52: Skip creating auto virtual host for "Acceso a datos" because the name is invalid.
2022-06-11 17:20:18: Skip creating auto virtual host for "Acceso a datos" because the name is invalid.
2022-06-12 10:15:36: Skip creating auto virtual host for "Acceso a datos" because the name is invalid.
2022-06-13 08:21:33: Skip creating auto virtual host for "Acceso a datos" because the name is invalid.
2022-06-14 11:13:24: Skip creating auto virtual host for "Acceso a datos" because the name is invalid.
2022-06-14 17:35:20: Skip creating auto virtual host for "Acceso a datos" because the name is invalid.
2022-06-14 18:51:20: Skip creating auto virtual host for "Acceso a datos" because the name is invalid.
2022-06-15 06:01:35: Skip creating auto virtual host for "Acceso a datos" because the name is invalid.
2022-06-15 17:53:35: Skip creating auto virtual host for "Acceso a datos" because the name is invalid.
2022-06-16 08:04:38: Skip creating auto virtual host for "Acceso a datos" because the name is invalid.
2022-06-16 08:41:57: Skip creating auto virtual host for "Acceso a datos" because the name is invalid.
